FILE_TYPE=LIBRARY_PARTS;
PRIMITIVE 'SMD1812B110TF_33','SMD1812B110TF_33_Fuses Chip';
  PIN
    '1':
      PIN_NUMBER='(1)';
      NO_LOAD_CHECK=BOTH;
      NO_IO_CHECK=BOTH;
      ALLOW_CONNECT=TRUE;
      PINUSE='UNSPEC';
    '2':
      PIN_NUMBER='(2)';
      NO_LOAD_CHECK=BOTH;
      NO_IO_CHECK=BOTH;
      ALLOW_CONNECT=TRUE;
      PINUSE='UNSPEC';
  END_PIN;
  BODY
    PART_NAME='SMD1812B110TF_33';
    PHYS_DES_PREFIX='F';
    NO_LOAD_CHECK='TRUE';
    PIN_COUNT='2';
    BODY_NAME='SMD1812B110TF_33';
    JEDEC_TYPE='FUSC4632X200N';
  END_BODY;
END_PRIMITIVE;
END.
