
Copyright (C) 1994-2023 Synopsys, Inc.
This Synopsys software and all associated documentation are proprietary to Synopsys, Inc.
and may only be used pursuant to the terms and conditions of a written license agreement
with Synopsys, Inc. All other use, reproduction, modification, or distribution of the
Synopsys software or the associated documentation is strictly prohibited.
Tool: Synplify Pro (R)
Build: V-2023.09L-2
Install: C:\Programs\Lattice Diamond\synpbase
OS: Windows 10 or later
Hostname: CHARLIE

Implementation : V1
Synopsys HDL compiler and linker, Version comp202309synp1, Build 349R, Built Sep 17 2024 08:16:26, @

Modified Files: 1
FID:  path (prevtimestamp, timestamp)
6        C:\Users\charl\Documents\TEMP BACKUPS\17.03.26\PROJ500 (Humanoid)\FPGA\PROJ500_PDU_FPGA\pdu_glue_mxo2.sv (2026-05-06 20:00:22, 2026-05-06 21:11:55)

*******************************************************************
Modules that may have changed as a result of file changes: 2
MID:  lib.cell.view
0        work.PDU_EFB_I2C.verilog may have changed because the following files changed:
                        C:\Users\charl\Documents\TEMP BACKUPS\17.03.26\PROJ500 (Humanoid)\FPGA\PROJ500_PDU_FPGA\pdu_glue_mxo2.sv (2026-05-06 20:00:22, 2026-05-06 21:11:55) <-- (may instantiate this module)
1        work.pdu_glue.verilog may have changed because the following files changed:
                        C:\Users\charl\Documents\TEMP BACKUPS\17.03.26\PROJ500 (Humanoid)\FPGA\PROJ500_PDU_FPGA\pdu_glue_mxo2.sv (2026-05-06 20:00:22, 2026-05-06 21:11:55) <-- (module definition)

*******************************************************************
Unmodified files: 6
FID:  path (timestamp)
0        C:\Programs\Lattice Diamond\synpbase\lib\lucent\machxo2.v (2024-09-17 07:02:13)
1        C:\Programs\Lattice Diamond\synpbase\lib\lucent\pmi_def.v (2024-09-24 00:33:10)
2        C:\Programs\Lattice Diamond\synpbase\lib\vlog\hypermods.v (2024-09-24 00:33:35)
3        C:\Programs\Lattice Diamond\synpbase\lib\vlog\scemi_objects.v (2024-09-24 00:33:35)
4        C:\Programs\Lattice Diamond\synpbase\lib\vlog\scemi_pipes.svh (2024-09-24 00:33:35)
5        C:\Users\charl\Documents\TEMP BACKUPS\17.03.26\PROJ500 (Humanoid)\FPGA\PROJ500_PDU_FPGA\PDU_EFB_I2C.v (2026-03-04 22:40:07)

*******************************************************************
Unchanged modules: 0
MID:  lib.cell.view
