[0.235s] DEBUG:colcon:Command line arguments: ['/usr/bin/colcon', 'build', '--packages-select', 'motor_test']
[0.235s] DEBUG:colcon:Parsed command line arguments: Namespace(log_base=None, log_level=None, verb_name='build', build_base='build', install_base='install', merge_install=False, symlink_install=False, test_result_base=None, continue_on_error=False, executor='parallel', parallel_workers=2, event_handlers=None, ignore_user_meta=False, metas=['./colcon.meta'], base_paths=['.'], packages_ignore=None, packages_ignore_regex=None, paths=None, packages_up_to=None, packages_up_to_regex=None, packages_above=None, packages_above_and_dependencies=None, packages_above_depth=None, packages_select_by_dep=None, packages_skip_by_dep=None, packages_skip_up_to=None, packages_select_build_failed=False, packages_skip_build_finished=False, packages_select_test_failures=False, packages_skip_test_passed=False, packages_select=['motor_test'], packages_skip=None, packages_select_regex=None, packages_skip_regex=None, packages_start=None, packages_end=None, allow_overriding=[], cmake_args=None, cmake_target=None, cmake_target_skip_unavailable=False, cmake_clean_cache=False, cmake_clean_first=False, cmake_force_configure=False, ament_cmake_args=None, catkin_cmake_args=None, catkin_skip_building_tests=False, mixin_files=None, mixin=None, verb_parser=<colcon_mixin.mixin.mixin_argument.MixinArgumentDecorator object at 0x732b3c5c4920>, verb_extension=<colcon_core.verb.build.BuildVerb object at 0x732b3c4b8770>, main=<bound method BuildVerb.main of <colcon_core.verb.build.BuildVerb object at 0x732b3c4b8770>>, mixin_verb=('build',))
[0.400s] Level 1:colcon.colcon_core.package_discovery:discover_packages(colcon_meta) check parameters
[0.400s] Level 1:colcon.colcon_core.package_discovery:discover_packages(recursive) check parameters
[0.400s] Level 1:colcon.colcon_core.package_discovery:discover_packages(ignore) check parameters
[0.400s] Level 1:colcon.colcon_core.package_discovery:discover_packages(path) check parameters
[0.400s] Level 1:colcon.colcon_core.package_discovery:discover_packages(colcon_meta) discover
[0.400s] Level 1:colcon.colcon_core.package_discovery:discover_packages(recursive) discover
[0.400s] INFO:colcon.colcon_core.package_discovery:Crawling recursively for packages in '/home/meng/meng/MEng-PROJ500-2025-26/Software'
[0.401s] Level 1:colcon.colcon_core.package_identification:_identify(.) by extensions ['ignore', 'ignore_ament_install']
[0.401s] Level 1:colcon.colcon_core.package_identification:_identify(.) by extension 'ignore'
[0.402s] Level 1:colcon.colcon_core.package_identification:_identify(.) by extension 'ignore_ament_install'
[0.402s] Level 1:colcon.colcon_core.package_identification:_identify(.) by extensions ['colcon_pkg']
[0.402s] Level 1:colcon.colcon_core.package_identification:_identify(.) by extension 'colcon_pkg'
[0.402s] Level 1:colcon.colcon_core.package_identification:_identify(.) by extensions ['colcon_meta']
[0.402s] Level 1:colcon.colcon_core.package_identification:_identify(.) by extension 'colcon_meta'
[0.402s] Level 1:colcon.colcon_core.package_identification:_identify(.) by extensions ['ros']
[0.402s] Level 1:colcon.colcon_core.package_identification:_identify(.) by extension 'ros'
[0.427s] Level 1:colcon.colcon_core.package_identification:_identify(.) by extensions ['cmake', 'python']
[0.427s] Level 1:colcon.colcon_core.package_identification:_identify(.) by extension 'cmake'
[0.427s] Level 1:colcon.colcon_core.package_identification:_identify(.) by extension 'python'
[0.427s] Level 1:colcon.colcon_core.package_identification:_identify(.) by extensions ['python_setup_py']
[0.427s] Level 1:colcon.colcon_core.package_identification:_identify(.) by extension 'python_setup_py'
[0.427s] Level 1:colcon.colcon_core.package_identification:_identify(build) by extensions ['ignore', 'ignore_ament_install']
[0.427s] Level 1:colcon.colcon_core.package_identification:_identify(build) by extension 'ignore'
[0.427s] Level 1:colcon.colcon_core.package_identification:_identify(build) ignored
[0.427s] Level 1:colcon.colcon_core.package_identification:_identify(descriptions) by extensions ['ignore', 'ignore_ament_install']
[0.428s] Level 1:colcon.colcon_core.package_identification:_identify(descriptions) by extension 'ignore'
[0.428s] Level 1:colcon.colcon_core.package_identification:_identify(descriptions) by extension 'ignore_ament_install'
[0.428s] Level 1:colcon.colcon_core.package_identification:_identify(descriptions) by extensions ['colcon_pkg']
[0.428s] Level 1:colcon.colcon_core.package_identification:_identify(descriptions) by extension 'colcon_pkg'
[0.428s] Level 1:colcon.colcon_core.package_identification:_identify(descriptions) by extensions ['colcon_meta']
[0.428s] Level 1:colcon.colcon_core.package_identification:_identify(descriptions) by extension 'colcon_meta'
[0.428s] Level 1:colcon.colcon_core.package_identification:_identify(descriptions) by extensions ['ros']
[0.428s] Level 1:colcon.colcon_core.package_identification:_identify(descriptions) by extension 'ros'
[0.428s] Level 1:colcon.colcon_core.package_identification:_identify(descriptions) by extensions ['cmake', 'python']
[0.428s] Level 1:colcon.colcon_core.package_identification:_identify(descriptions) by extension 'cmake'
[0.428s] Level 1:colcon.colcon_core.package_identification:_identify(descriptions) by extension 'python'
[0.428s] Level 1:colcon.colcon_core.package_identification:_identify(descriptions) by extensions ['python_setup_py']
[0.428s] Level 1:colcon.colcon_core.package_identification:_identify(descriptions) by extension 'python_setup_py'
[0.428s] Level 1:colcon.colcon_core.package_identification:_identify(descriptions/msgs) by extensions ['ignore', 'ignore_ament_install']
[0.428s] Level 1:colcon.colcon_core.package_identification:_identify(descriptions/msgs) by extension 'ignore'
[0.428s] Level 1:colcon.colcon_core.package_identification:_identify(descriptions/msgs) by extension 'ignore_ament_install'
[0.428s] Level 1:colcon.colcon_core.package_identification:_identify(descriptions/msgs) by extensions ['colcon_pkg']
[0.428s] Level 1:colcon.colcon_core.package_identification:_identify(descriptions/msgs) by extension 'colcon_pkg'
[0.428s] Level 1:colcon.colcon_core.package_identification:_identify(descriptions/msgs) by extensions ['colcon_meta']
[0.428s] Level 1:colcon.colcon_core.package_identification:_identify(descriptions/msgs) by extension 'colcon_meta'
[0.428s] Level 1:colcon.colcon_core.package_identification:_identify(descriptions/msgs) by extensions ['ros']
[0.428s] Level 1:colcon.colcon_core.package_identification:_identify(descriptions/msgs) by extension 'ros'
[0.428s] Level 1:colcon.colcon_core.package_identification:_identify(descriptions/msgs) by extensions ['cmake', 'python']
[0.428s] Level 1:colcon.colcon_core.package_identification:_identify(descriptions/msgs) by extension 'cmake'
[0.429s] Level 1:colcon.colcon_core.package_identification:_identify(descriptions/msgs) by extension 'python'
[0.429s] Level 1:colcon.colcon_core.package_identification:_identify(descriptions/msgs) by extensions ['python_setup_py']
[0.429s] Level 1:colcon.colcon_core.package_identification:_identify(descriptions/msgs) by extension 'python_setup_py'
[0.429s] Level 1:colcon.colcon_core.package_identification:_identify(descriptions/urdf) by extensions ['ignore', 'ignore_ament_install']
[0.429s] Level 1:colcon.colcon_core.package_identification:_identify(descriptions/urdf) by extension 'ignore'
[0.429s] Level 1:colcon.colcon_core.package_identification:_identify(descriptions/urdf) by extension 'ignore_ament_install'
[0.429s] Level 1:colcon.colcon_core.package_identification:_identify(descriptions/urdf) by extensions ['colcon_pkg']
[0.429s] Level 1:colcon.colcon_core.package_identification:_identify(descriptions/urdf) by extension 'colcon_pkg'
[0.429s] Level 1:colcon.colcon_core.package_identification:_identify(descriptions/urdf) by extensions ['colcon_meta']
[0.429s] Level 1:colcon.colcon_core.package_identification:_identify(descriptions/urdf) by extension 'colcon_meta'
[0.429s] Level 1:colcon.colcon_core.package_identification:_identify(descriptions/urdf) by extensions ['ros']
[0.429s] Level 1:colcon.colcon_core.package_identification:_identify(descriptions/urdf) by extension 'ros'
[0.429s] Level 1:colcon.colcon_core.package_identification:_identify(descriptions/urdf) by extensions ['cmake', 'python']
[0.429s] Level 1:colcon.colcon_core.package_identification:_identify(descriptions/urdf) by extension 'cmake'
[0.429s] Level 1:colcon.colcon_core.package_identification:_identify(descriptions/urdf) by extension 'python'
[0.429s] Level 1:colcon.colcon_core.package_identification:_identify(descriptions/urdf) by extensions ['python_setup_py']
[0.429s] Level 1:colcon.colcon_core.package_identification:_identify(descriptions/urdf) by extension 'python_setup_py'
[0.429s] Level 1:colcon.colcon_core.package_identification:_identify(install) by extensions ['ignore', 'ignore_ament_install']
[0.429s] Level 1:colcon.colcon_core.package_identification:_identify(install) by extension 'ignore'
[0.429s] Level 1:colcon.colcon_core.package_identification:_identify(install) ignored
[0.430s] Level 1:colcon.colcon_core.package_identification:_identify(log) by extensions ['ignore', 'ignore_ament_install']
[0.430s] Level 1:colcon.colcon_core.package_identification:_identify(log) by extension 'ignore'
[0.430s] Level 1:colcon.colcon_core.package_identification:_identify(log) ignored
[0.430s] Level 1:colcon.colcon_core.package_identification:_identify(src) by extensions ['ignore', 'ignore_ament_install']
[0.430s] Level 1:colcon.colcon_core.package_identification:_identify(src) by extension 'ignore'
[0.430s] Level 1:colcon.colcon_core.package_identification:_identify(src) by extension 'ignore_ament_install'
[0.430s] Level 1:colcon.colcon_core.package_identification:_identify(src) by extensions ['colcon_pkg']
[0.430s] Level 1:colcon.colcon_core.package_identification:_identify(src) by extension 'colcon_pkg'
[0.430s] Level 1:colcon.colcon_core.package_identification:_identify(src) by extensions ['colcon_meta']
[0.430s] Level 1:colcon.colcon_core.package_identification:_identify(src) by extension 'colcon_meta'
[0.430s] Level 1:colcon.colcon_core.package_identification:_identify(src) by extensions ['ros']
[0.430s] Level 1:colcon.colcon_core.package_identification:_identify(src) by extension 'ros'
[0.430s] Level 1:colcon.colcon_core.package_identification:_identify(src) by extensions ['cmake', 'python']
[0.430s] Level 1:colcon.colcon_core.package_identification:_identify(src) by extension 'cmake'
[0.430s] Level 1:colcon.colcon_core.package_identification:_identify(src) by extension 'python'
[0.430s] Level 1:colcon.colcon_core.package_identification:_identify(src) by extensions ['python_setup_py']
[0.430s] Level 1:colcon.colcon_core.package_identification:_identify(src) by extension 'python_setup_py'
[0.431s] Level 1:colcon.colcon_core.package_identification:_identify(src/motor_test) by extensions ['ignore', 'ignore_ament_install']
[0.431s] Level 1:colcon.colcon_core.package_identification:_identify(src/motor_test) by extension 'ignore'
[0.431s] Level 1:colcon.colcon_core.package_identification:_identify(src/motor_test) by extension 'ignore_ament_install'
[0.431s] Level 1:colcon.colcon_core.package_identification:_identify(src/motor_test) by extensions ['colcon_pkg']
[0.431s] Level 1:colcon.colcon_core.package_identification:_identify(src/motor_test) by extension 'colcon_pkg'
[0.431s] Level 1:colcon.colcon_core.package_identification:_identify(src/motor_test) by extensions ['colcon_meta']
[0.431s] Level 1:colcon.colcon_core.package_identification:_identify(src/motor_test) by extension 'colcon_meta'
[0.431s] Level 1:colcon.colcon_core.package_identification:_identify(src/motor_test) by extensions ['ros']
[0.431s] Level 1:colcon.colcon_core.package_identification:_identify(src/motor_test) by extension 'ros'
[0.433s] DEBUG:colcon.colcon_core.package_identification:Package 'src/motor_test' with type 'ros.ament_cmake' and name 'motor_test'
[0.433s] Level 1:colcon.colcon_core.package_identification:_identify(stm_firmware) by extensions ['ignore', 'ignore_ament_install']
[0.433s] Level 1:colcon.colcon_core.package_identification:_identify(stm_firmware) by extension 'ignore'
[0.433s] Level 1:colcon.colcon_core.package_identification:_identify(stm_firmware) by extension 'ignore_ament_install'
[0.433s] Level 1:colcon.colcon_core.package_identification:_identify(stm_firmware) by extensions ['colcon_pkg']
[0.433s] Level 1:colcon.colcon_core.package_identification:_identify(stm_firmware) by extension 'colcon_pkg'
[0.433s] Level 1:colcon.colcon_core.package_identification:_identify(stm_firmware) by extensions ['colcon_meta']
[0.433s] Level 1:colcon.colcon_core.package_identification:_identify(stm_firmware) by extension 'colcon_meta'
[0.433s] Level 1:colcon.colcon_core.package_identification:_identify(stm_firmware) by extensions ['ros']
[0.433s] Level 1:colcon.colcon_core.package_identification:_identify(stm_firmware) by extension 'ros'
[0.433s] Level 1:colcon.colcon_core.package_identification:_identify(stm_firmware) by extensions ['cmake', 'python']
[0.433s] Level 1:colcon.colcon_core.package_identification:_identify(stm_firmware) by extension 'cmake'
[0.433s] Level 1:colcon.colcon_core.package_identification:_identify(stm_firmware) by extension 'python'
[0.433s] Level 1:colcon.colcon_core.package_identification:_identify(stm_firmware) by extensions ['python_setup_py']
[0.433s] Level 1:colcon.colcon_core.package_identification:_identify(stm_firmware) by extension 'python_setup_py'
[0.434s] Level 1:colcon.colcon_core.package_identification:_identify(stm_firmware/stm_firmware) by extensions ['ignore', 'ignore_ament_install']
[0.434s] Level 1:colcon.colcon_core.package_identification:_identify(stm_firmware/stm_firmware) by extension 'ignore'
[0.434s] Level 1:colcon.colcon_core.package_identification:_identify(stm_firmware/stm_firmware) by extension 'ignore_ament_install'
[0.434s] Level 1:colcon.colcon_core.package_identification:_identify(stm_firmware/stm_firmware) by extensions ['colcon_pkg']
[0.434s] Level 1:colcon.colcon_core.package_identification:_identify(stm_firmware/stm_firmware) by extension 'colcon_pkg'
[0.434s] Level 1:colcon.colcon_core.package_identification:_identify(stm_firmware/stm_firmware) by extensions ['colcon_meta']
[0.434s] Level 1:colcon.colcon_core.package_identification:_identify(stm_firmware/stm_firmware) by extension 'colcon_meta'
[0.434s] Level 1:colcon.colcon_core.package_identification:_identify(stm_firmware/stm_firmware) by extensions ['ros']
[0.434s] Level 1:colcon.colcon_core.package_identification:_identify(stm_firmware/stm_firmware) by extension 'ros'
[0.434s] Level 1:colcon.colcon_core.package_identification:_identify(stm_firmware/stm_firmware) by extensions ['cmake', 'python']
[0.434s] Level 1:colcon.colcon_core.package_identification:_identify(stm_firmware/stm_firmware) by extension 'cmake'
[0.434s] Level 1:colcon.colcon_core.package_identification:_identify(stm_firmware/stm_firmware) by extension 'python'
[0.434s] Level 1:colcon.colcon_core.package_identification:_identify(stm_firmware/stm_firmware) by extensions ['python_setup_py']
[0.434s] Level 1:colcon.colcon_core.package_identification:_identify(stm_firmware/stm_firmware) by extension 'python_setup_py'
[0.434s] Level 1:colcon.colcon_core.package_discovery:discover_packages(recursive) using defaults
[0.434s] Level 1:colcon.colcon_core.package_discovery:discover_packages(ignore) discover
[0.434s] Level 1:colcon.colcon_core.package_discovery:discover_packages(ignore) using defaults
[0.434s] Level 1:colcon.colcon_core.package_discovery:discover_packages(path) discover
[0.434s] Level 1:colcon.colcon_core.package_discovery:discover_packages(path) using defaults
[0.486s] Level 1:colcon.colcon_core.package_discovery:discover_packages(prefix_path) check parameters
[0.486s] Level 1:colcon.colcon_core.package_discovery:discover_packages(prefix_path) discover
[0.491s] DEBUG:colcon.colcon_installed_package_information.package_discovery:Found 286 installed packages in /opt/ros/jazzy
[0.492s] Level 1:colcon.colcon_core.package_discovery:discover_packages(prefix_path) using defaults
[0.525s] Level 5:colcon.colcon_core.verb:set package 'motor_test' build argument 'cmake_args' from command line to 'None'
[0.526s] Level 5:colcon.colcon_core.verb:set package 'motor_test' build argument 'cmake_target' from command line to 'None'
[0.526s] Level 5:colcon.colcon_core.verb:set package 'motor_test' build argument 'cmake_target_skip_unavailable' from command line to 'False'
[0.526s] Level 5:colcon.colcon_core.verb:set package 'motor_test' build argument 'cmake_clean_cache' from command line to 'False'
[0.526s] Level 5:colcon.colcon_core.verb:set package 'motor_test' build argument 'cmake_clean_first' from command line to 'False'
[0.526s] Level 5:colcon.colcon_core.verb:set package 'motor_test' build argument 'cmake_force_configure' from command line to 'False'
[0.526s] Level 5:colcon.colcon_core.verb:set package 'motor_test' build argument 'ament_cmake_args' from command line to 'None'
[0.526s] Level 5:colcon.colcon_core.verb:set package 'motor_test' build argument 'catkin_cmake_args' from command line to 'None'
[0.526s] Level 5:colcon.colcon_core.verb:set package 'motor_test' build argument 'catkin_skip_building_tests' from command line to 'False'
[0.526s] DEBUG:colcon.colcon_core.verb:Building package 'motor_test' with the following arguments: {'ament_cmake_args': None, 'build_base': '/home/meng/meng/MEng-PROJ500-2025-26/Software/build/motor_test', 'catkin_cmake_args': None, 'catkin_skip_building_tests': False, 'cmake_args': None, 'cmake_clean_cache': False, 'cmake_clean_first': False, 'cmake_force_configure': False, 'cmake_target': None, 'cmake_target_skip_unavailable': False, 'install_base': '/home/meng/meng/MEng-PROJ500-2025-26/Software/install/motor_test', 'merge_install': False, 'path': '/home/meng/meng/MEng-PROJ500-2025-26/Software/src/motor_test', 'symlink_install': False, 'test_result_base': None}
[0.526s] INFO:colcon.colcon_core.executor:Executing jobs using 'parallel' executor
[0.528s] DEBUG:colcon.colcon_parallel_executor.executor.parallel:run_until_complete
[0.528s] INFO:colcon.colcon_ros.task.ament_cmake.build:Building ROS package in '/home/meng/meng/MEng-PROJ500-2025-26/Software/src/motor_test' with build type 'ament_cmake'
[0.529s] INFO:colcon.colcon_cmake.task.cmake.build:Building CMake package in '/home/meng/meng/MEng-PROJ500-2025-26/Software/src/motor_test'
[0.541s] INFO:colcon.colcon_core.plugin_system:Skipping extension 'colcon_core.shell.bat': Not used on non-Windows systems
[0.541s] INFO:colcon.colcon_core.shell:Skip shell extension 'powershell' for command environment: Not usable outside of PowerShell
[0.541s] DEBUG:colcon.colcon_core.shell:Skip shell extension 'dsv' for command environment
[0.555s] DEBUG:colcon.colcon_core.event_handler.log_command:Invoking command in '/home/meng/meng/MEng-PROJ500-2025-26/Software/build/motor_test': CMAKE_PREFIX_PATH=${CMAKE_PREFIX_PATH}:/opt/ros/jazzy DEBUGINFOD_URLS=https://debuginfod.ubuntu.com /usr/bin/cmake /home/meng/meng/MEng-PROJ500-2025-26/Software/src/motor_test -DCMAKE_INSTALL_PREFIX=/home/meng/meng/MEng-PROJ500-2025-26/Software/install/motor_test
[4.342s] DEBUG:colcon.colcon_core.event_handler.log_command:Invoked command in '/home/meng/meng/MEng-PROJ500-2025-26/Software/build/motor_test' returned '0': CMAKE_PREFIX_PATH=${CMAKE_PREFIX_PATH}:/opt/ros/jazzy DEBUGINFOD_URLS=https://debuginfod.ubuntu.com /usr/bin/cmake /home/meng/meng/MEng-PROJ500-2025-26/Software/src/motor_test -DCMAKE_INSTALL_PREFIX=/home/meng/meng/MEng-PROJ500-2025-26/Software/install/motor_test
[4.342s] DEBUG:colcon.colcon_core.event_handler.log_command:Invoking command in '/home/meng/meng/MEng-PROJ500-2025-26/Software/build/motor_test': CMAKE_PREFIX_PATH=${CMAKE_PREFIX_PATH}:/opt/ros/jazzy DEBUGINFOD_URLS=https://debuginfod.ubuntu.com /usr/bin/cmake --build /home/meng/meng/MEng-PROJ500-2025-26/Software/build/motor_test -- -j2 -l2
[25.002s] DEBUG:colcon.colcon_core.event_handler.log_command:Invoked command in '/home/meng/meng/MEng-PROJ500-2025-26/Software/build/motor_test' returned '0': CMAKE_PREFIX_PATH=${CMAKE_PREFIX_PATH}:/opt/ros/jazzy DEBUGINFOD_URLS=https://debuginfod.ubuntu.com /usr/bin/cmake --build /home/meng/meng/MEng-PROJ500-2025-26/Software/build/motor_test -- -j2 -l2
[25.027s] DEBUG:colcon.colcon_core.event_handler.log_command:Invoking command in '/home/meng/meng/MEng-PROJ500-2025-26/Software/build/motor_test': CMAKE_PREFIX_PATH=${CMAKE_PREFIX_PATH}:/opt/ros/jazzy DEBUGINFOD_URLS=https://debuginfod.ubuntu.com /usr/bin/cmake --install /home/meng/meng/MEng-PROJ500-2025-26/Software/build/motor_test
[25.305s] DEBUG:colcon.colcon_core.event_handler.log_command:Invoked command in '/home/meng/meng/MEng-PROJ500-2025-26/Software/build/motor_test' returned '1': CMAKE_PREFIX_PATH=${CMAKE_PREFIX_PATH}:/opt/ros/jazzy DEBUGINFOD_URLS=https://debuginfod.ubuntu.com /usr/bin/cmake --install /home/meng/meng/MEng-PROJ500-2025-26/Software/build/motor_test
[25.306s] Level 1:colcon.colcon_core.environment:create_environment_scripts_only(motor_test)
[25.353s] Level 1:colcon.colcon_core.environment:checking '/home/meng/meng/MEng-PROJ500-2025-26/Software/install/motor_test' for CMake module files
[25.354s] Level 1:colcon.colcon_core.environment:checking '/home/meng/meng/MEng-PROJ500-2025-26/Software/install/motor_test' for CMake config files
[25.355s] Level 1:colcon.colcon_core.environment:checking '/home/meng/meng/MEng-PROJ500-2025-26/Software/install/motor_test/lib'
[25.355s] Level 1:colcon.colcon_core.shell:create_environment_hook('motor_test', 'ld_library_path_lib')
[25.356s] INFO:colcon.colcon_core.shell:Creating environment hook '/home/meng/meng/MEng-PROJ500-2025-26/Software/install/motor_test/share/motor_test/hook/ld_library_path_lib.ps1'
[25.361s] INFO:colcon.colcon_core.shell:Creating environment descriptor '/home/meng/meng/MEng-PROJ500-2025-26/Software/install/motor_test/share/motor_test/hook/ld_library_path_lib.dsv'
[25.363s] INFO:colcon.colcon_core.shell:Creating environment hook '/home/meng/meng/MEng-PROJ500-2025-26/Software/install/motor_test/share/motor_test/hook/ld_library_path_lib.sh'
[25.366s] Level 1:colcon.colcon_core.environment:checking '/home/meng/meng/MEng-PROJ500-2025-26/Software/install/motor_test/bin'
[25.366s] Level 1:colcon.colcon_core.environment:checking '/home/meng/meng/MEng-PROJ500-2025-26/Software/install/motor_test/lib/pkgconfig/motor_test.pc'
[25.366s] Level 1:colcon.colcon_core.environment:checking '/home/meng/meng/MEng-PROJ500-2025-26/Software/install/motor_test/lib/python3.12/site-packages'
[25.369s] Level 1:colcon.colcon_core.shell:create_environment_hook('motor_test', 'pythonpath')
[25.369s] INFO:colcon.colcon_core.shell:Creating environment hook '/home/meng/meng/MEng-PROJ500-2025-26/Software/install/motor_test/share/motor_test/hook/pythonpath.ps1'
[25.373s] INFO:colcon.colcon_core.shell:Creating environment descriptor '/home/meng/meng/MEng-PROJ500-2025-26/Software/install/motor_test/share/motor_test/hook/pythonpath.dsv'
[25.375s] INFO:colcon.colcon_core.shell:Creating environment hook '/home/meng/meng/MEng-PROJ500-2025-26/Software/install/motor_test/share/motor_test/hook/pythonpath.sh'
[25.377s] Level 1:colcon.colcon_core.environment:checking '/home/meng/meng/MEng-PROJ500-2025-26/Software/install/motor_test/bin'
[25.377s] INFO:colcon.colcon_core.shell:Creating package script '/home/meng/meng/MEng-PROJ500-2025-26/Software/install/motor_test/share/motor_test/package.ps1'
[25.383s] INFO:colcon.colcon_core.shell:Creating package descriptor '/home/meng/meng/MEng-PROJ500-2025-26/Software/install/motor_test/share/motor_test/package.dsv'
[25.385s] INFO:colcon.colcon_core.shell:Creating package script '/home/meng/meng/MEng-PROJ500-2025-26/Software/install/motor_test/share/motor_test/package.sh'
[25.386s] INFO:colcon.colcon_core.shell:Creating package script '/home/meng/meng/MEng-PROJ500-2025-26/Software/install/motor_test/share/motor_test/package.bash'
[25.389s] INFO:colcon.colcon_core.shell:Creating package script '/home/meng/meng/MEng-PROJ500-2025-26/Software/install/motor_test/share/motor_test/package.zsh'
[25.392s] Level 1:colcon.colcon_core.environment:create_file_with_runtime_dependencies(/home/meng/meng/MEng-PROJ500-2025-26/Software/install/motor_test/share/colcon-core/packages/motor_test)
[25.405s] DEBUG:colcon.colcon_parallel_executor.executor.parallel:closing loop
[25.405s] DEBUG:colcon.colcon_parallel_executor.executor.parallel:loop closed
[25.405s] DEBUG:colcon.colcon_parallel_executor.executor.parallel:run_until_complete finished with '1'
[25.405s] DEBUG:colcon.colcon_core.event_reactor:joining thread
[25.469s] INFO:colcon.colcon_core.plugin_system:Skipping extension 'colcon_notification.desktop_notification.terminal_notifier': Not used on non-Darwin systems
[25.473s] INFO:colcon.colcon_core.plugin_system:Skipping extension 'colcon_notification.desktop_notification.win32': Not used on non-Windows systems
[25.473s] INFO:colcon.colcon_notification.desktop_notification:Sending desktop notification using 'notify2'
[25.641s] DEBUG:colcon.colcon_core.event_reactor:joined thread
[25.642s] INFO:colcon.colcon_core.shell:Creating prefix script '/home/meng/meng/MEng-PROJ500-2025-26/Software/install/local_setup.ps1'
[25.655s] INFO:colcon.colcon_core.shell:Creating prefix util module '/home/meng/meng/MEng-PROJ500-2025-26/Software/install/_local_setup_util_ps1.py'
[25.669s] INFO:colcon.colcon_core.shell:Creating prefix chain script '/home/meng/meng/MEng-PROJ500-2025-26/Software/install/setup.ps1'
[25.689s] INFO:colcon.colcon_core.shell:Creating prefix script '/home/meng/meng/MEng-PROJ500-2025-26/Software/install/local_setup.sh'
[25.696s] INFO:colcon.colcon_core.shell:Creating prefix util module '/home/meng/meng/MEng-PROJ500-2025-26/Software/install/_local_setup_util_sh.py'
[25.708s] INFO:colcon.colcon_core.shell:Creating prefix chain script '/home/meng/meng/MEng-PROJ500-2025-26/Software/install/setup.sh'
[25.718s] INFO:colcon.colcon_core.shell:Creating prefix script '/home/meng/meng/MEng-PROJ500-2025-26/Software/install/local_setup.bash'
[25.723s] INFO:colcon.colcon_core.shell:Creating prefix chain script '/home/meng/meng/MEng-PROJ500-2025-26/Software/install/setup.bash'
[25.727s] INFO:colcon.colcon_core.shell:Creating prefix script '/home/meng/meng/MEng-PROJ500-2025-26/Software/install/local_setup.zsh'
[25.730s] INFO:colcon.colcon_core.shell:Creating prefix chain script '/home/meng/meng/MEng-PROJ500-2025-26/Software/install/setup.zsh'
