[0.449s] DEBUG:colcon:Command line arguments: ['/usr/bin/colcon', 'build', '--packages-select', 'motor_test']
[0.449s] DEBUG:colcon:Parsed command line arguments: Namespace(log_base=None, log_level=None, verb_name='build', build_base='build', install_base='install', merge_install=False, symlink_install=False, test_result_base=None, continue_on_error=False, executor='parallel', parallel_workers=2, event_handlers=None, ignore_user_meta=False, metas=['./colcon.meta'], base_paths=['.'], packages_ignore=None, packages_ignore_regex=None, paths=None, packages_up_to=None, packages_up_to_regex=None, packages_above=None, packages_above_and_dependencies=None, packages_above_depth=None, packages_select_by_dep=None, packages_skip_by_dep=None, packages_skip_up_to=None, packages_select_build_failed=False, packages_skip_build_finished=False, packages_select_test_failures=False, packages_skip_test_passed=False, packages_select=['motor_test'], packages_skip=None, packages_select_regex=None, packages_skip_regex=None, packages_start=None, packages_end=None, allow_overriding=[], cmake_args=None, cmake_target=None, cmake_target_skip_unavailable=False, cmake_clean_cache=False, cmake_clean_first=False, cmake_force_configure=False, ament_cmake_args=None, catkin_cmake_args=None, catkin_skip_building_tests=False, mixin_files=None, mixin=None, verb_parser=<colcon_mixin.mixin.mixin_argument.MixinArgumentDecorator object at 0x714acb777a40>, verb_extension=<colcon_core.verb.build.BuildVerb object at 0x714acb8c00b0>, main=<bound method BuildVerb.main of <colcon_core.verb.build.BuildVerb object at 0x714acb8c00b0>>, mixin_verb=('build',))
[0.551s] Level 1:colcon.colcon_core.package_discovery:discover_packages(colcon_meta) check parameters
[0.551s] Level 1:colcon.colcon_core.package_discovery:discover_packages(recursive) check parameters
[0.552s] Level 1:colcon.colcon_core.package_discovery:discover_packages(ignore) check parameters
[0.552s] Level 1:colcon.colcon_core.package_discovery:discover_packages(path) check parameters
[0.552s] Level 1:colcon.colcon_core.package_discovery:discover_packages(colcon_meta) discover
[0.552s] Level 1:colcon.colcon_core.package_discovery:discover_packages(recursive) discover
[0.552s] INFO:colcon.colcon_core.package_discovery:Crawling recursively for packages in '/home/meng/meng/MEng-PROJ500-2025-26/Software'
[0.552s] Level 1:colcon.colcon_core.package_identification:_identify(.) by extensions ['ignore', 'ignore_ament_install']
[0.552s] Level 1:colcon.colcon_core.package_identification:_identify(.) by extension 'ignore'
[0.552s] Level 1:colcon.colcon_core.package_identification:_identify(.) by extension 'ignore_ament_install'
[0.552s] Level 1:colcon.colcon_core.package_identification:_identify(.) by extensions ['colcon_pkg']
[0.552s] Level 1:colcon.colcon_core.package_identification:_identify(.) by extension 'colcon_pkg'
[0.552s] Level 1:colcon.colcon_core.package_identification:_identify(.) by extensions ['colcon_meta']
[0.552s] Level 1:colcon.colcon_core.package_identification:_identify(.) by extension 'colcon_meta'
[0.552s] Level 1:colcon.colcon_core.package_identification:_identify(.) by extensions ['ros']
[0.552s] Level 1:colcon.colcon_core.package_identification:_identify(.) by extension 'ros'
[0.592s] Level 1:colcon.colcon_core.package_identification:_identify(.) by extensions ['cmake', 'python']
[0.592s] Level 1:colcon.colcon_core.package_identification:_identify(.) by extension 'cmake'
[0.592s] Level 1:colcon.colcon_core.package_identification:_identify(.) by extension 'python'
[0.592s] Level 1:colcon.colcon_core.package_identification:_identify(.) by extensions ['python_setup_py']
[0.592s] Level 1:colcon.colcon_core.package_identification:_identify(.) by extension 'python_setup_py'
[0.592s] Level 1:colcon.colcon_core.package_identification:_identify(build) by extensions ['ignore', 'ignore_ament_install']
[0.592s] Level 1:colcon.colcon_core.package_identification:_identify(build) by extension 'ignore'
[0.592s] Level 1:colcon.colcon_core.package_identification:_identify(build) ignored
[0.592s] Level 1:colcon.colcon_core.package_identification:_identify(descriptions) by extensions ['ignore', 'ignore_ament_install']
[0.592s] Level 1:colcon.colcon_core.package_identification:_identify(descriptions) by extension 'ignore'
[0.593s] Level 1:colcon.colcon_core.package_identification:_identify(descriptions) by extension 'ignore_ament_install'
[0.593s] Level 1:colcon.colcon_core.package_identification:_identify(descriptions) by extensions ['colcon_pkg']
[0.593s] Level 1:colcon.colcon_core.package_identification:_identify(descriptions) by extension 'colcon_pkg'
[0.593s] Level 1:colcon.colcon_core.package_identification:_identify(descriptions) by extensions ['colcon_meta']
[0.593s] Level 1:colcon.colcon_core.package_identification:_identify(descriptions) by extension 'colcon_meta'
[0.593s] Level 1:colcon.colcon_core.package_identification:_identify(descriptions) by extensions ['ros']
[0.593s] Level 1:colcon.colcon_core.package_identification:_identify(descriptions) by extension 'ros'
[0.593s] Level 1:colcon.colcon_core.package_identification:_identify(descriptions) by extensions ['cmake', 'python']
[0.593s] Level 1:colcon.colcon_core.package_identification:_identify(descriptions) by extension 'cmake'
[0.593s] Level 1:colcon.colcon_core.package_identification:_identify(descriptions) by extension 'python'
[0.593s] Level 1:colcon.colcon_core.package_identification:_identify(descriptions) by extensions ['python_setup_py']
[0.593s] Level 1:colcon.colcon_core.package_identification:_identify(descriptions) by extension 'python_setup_py'
[0.593s] Level 1:colcon.colcon_core.package_identification:_identify(descriptions/msgs) by extensions ['ignore', 'ignore_ament_install']
[0.593s] Level 1:colcon.colcon_core.package_identification:_identify(descriptions/msgs) by extension 'ignore'
[0.593s] Level 1:colcon.colcon_core.package_identification:_identify(descriptions/msgs) by extension 'ignore_ament_install'
[0.593s] Level 1:colcon.colcon_core.package_identification:_identify(descriptions/msgs) by extensions ['colcon_pkg']
[0.593s] Level 1:colcon.colcon_core.package_identification:_identify(descriptions/msgs) by extension 'colcon_pkg'
[0.593s] Level 1:colcon.colcon_core.package_identification:_identify(descriptions/msgs) by extensions ['colcon_meta']
[0.593s] Level 1:colcon.colcon_core.package_identification:_identify(descriptions/msgs) by extension 'colcon_meta'
[0.593s] Level 1:colcon.colcon_core.package_identification:_identify(descriptions/msgs) by extensions ['ros']
[0.593s] Level 1:colcon.colcon_core.package_identification:_identify(descriptions/msgs) by extension 'ros'
[0.593s] Level 1:colcon.colcon_core.package_identification:_identify(descriptions/msgs) by extensions ['cmake', 'python']
[0.593s] Level 1:colcon.colcon_core.package_identification:_identify(descriptions/msgs) by extension 'cmake'
[0.593s] Level 1:colcon.colcon_core.package_identification:_identify(descriptions/msgs) by extension 'python'
[0.593s] Level 1:colcon.colcon_core.package_identification:_identify(descriptions/msgs) by extensions ['python_setup_py']
[0.593s] Level 1:colcon.colcon_core.package_identification:_identify(descriptions/msgs) by extension 'python_setup_py'
[0.593s] Level 1:colcon.colcon_core.package_identification:_identify(descriptions/urdf) by extensions ['ignore', 'ignore_ament_install']
[0.593s] Level 1:colcon.colcon_core.package_identification:_identify(descriptions/urdf) by extension 'ignore'
[0.594s] Level 1:colcon.colcon_core.package_identification:_identify(descriptions/urdf) by extension 'ignore_ament_install'
[0.594s] Level 1:colcon.colcon_core.package_identification:_identify(descriptions/urdf) by extensions ['colcon_pkg']
[0.594s] Level 1:colcon.colcon_core.package_identification:_identify(descriptions/urdf) by extension 'colcon_pkg'
[0.594s] Level 1:colcon.colcon_core.package_identification:_identify(descriptions/urdf) by extensions ['colcon_meta']
[0.594s] Level 1:colcon.colcon_core.package_identification:_identify(descriptions/urdf) by extension 'colcon_meta'
[0.594s] Level 1:colcon.colcon_core.package_identification:_identify(descriptions/urdf) by extensions ['ros']
[0.594s] Level 1:colcon.colcon_core.package_identification:_identify(descriptions/urdf) by extension 'ros'
[0.594s] Level 1:colcon.colcon_core.package_identification:_identify(descriptions/urdf) by extensions ['cmake', 'python']
[0.594s] Level 1:colcon.colcon_core.package_identification:_identify(descriptions/urdf) by extension 'cmake'
[0.594s] Level 1:colcon.colcon_core.package_identification:_identify(descriptions/urdf) by extension 'python'
[0.594s] Level 1:colcon.colcon_core.package_identification:_identify(descriptions/urdf) by extensions ['python_setup_py']
[0.594s] Level 1:colcon.colcon_core.package_identification:_identify(descriptions/urdf) by extension 'python_setup_py'
[0.594s] Level 1:colcon.colcon_core.package_identification:_identify(install) by extensions ['ignore', 'ignore_ament_install']
[0.594s] Level 1:colcon.colcon_core.package_identification:_identify(install) by extension 'ignore'
[0.594s] Level 1:colcon.colcon_core.package_identification:_identify(install) ignored
[0.594s] Level 1:colcon.colcon_core.package_identification:_identify(log) by extensions ['ignore', 'ignore_ament_install']
[0.595s] Level 1:colcon.colcon_core.package_identification:_identify(log) by extension 'ignore'
[0.595s] Level 1:colcon.colcon_core.package_identification:_identify(log) ignored
[0.595s] Level 1:colcon.colcon_core.package_identification:_identify(src) by extensions ['ignore', 'ignore_ament_install']
[0.595s] Level 1:colcon.colcon_core.package_identification:_identify(src) by extension 'ignore'
[0.595s] Level 1:colcon.colcon_core.package_identification:_identify(src) by extension 'ignore_ament_install'
[0.595s] Level 1:colcon.colcon_core.package_identification:_identify(src) by extensions ['colcon_pkg']
[0.595s] Level 1:colcon.colcon_core.package_identification:_identify(src) by extension 'colcon_pkg'
[0.595s] Level 1:colcon.colcon_core.package_identification:_identify(src) by extensions ['colcon_meta']
[0.595s] Level 1:colcon.colcon_core.package_identification:_identify(src) by extension 'colcon_meta'
[0.595s] Level 1:colcon.colcon_core.package_identification:_identify(src) by extensions ['ros']
[0.595s] Level 1:colcon.colcon_core.package_identification:_identify(src) by extension 'ros'
[0.595s] Level 1:colcon.colcon_core.package_identification:_identify(src) by extensions ['cmake', 'python']
[0.595s] Level 1:colcon.colcon_core.package_identification:_identify(src) by extension 'cmake'
[0.595s] Level 1:colcon.colcon_core.package_identification:_identify(src) by extension 'python'
[0.595s] Level 1:colcon.colcon_core.package_identification:_identify(src) by extensions ['python_setup_py']
[0.596s] Level 1:colcon.colcon_core.package_identification:_identify(src) by extension 'python_setup_py'
[0.596s] Level 1:colcon.colcon_core.package_identification:_identify(src/motor_test) by extensions ['ignore', 'ignore_ament_install']
[0.596s] Level 1:colcon.colcon_core.package_identification:_identify(src/motor_test) by extension 'ignore'
[0.596s] Level 1:colcon.colcon_core.package_identification:_identify(src/motor_test) by extension 'ignore_ament_install'
[0.596s] Level 1:colcon.colcon_core.package_identification:_identify(src/motor_test) by extensions ['colcon_pkg']
[0.596s] Level 1:colcon.colcon_core.package_identification:_identify(src/motor_test) by extension 'colcon_pkg'
[0.596s] Level 1:colcon.colcon_core.package_identification:_identify(src/motor_test) by extensions ['colcon_meta']
[0.596s] Level 1:colcon.colcon_core.package_identification:_identify(src/motor_test) by extension 'colcon_meta'
[0.596s] Level 1:colcon.colcon_core.package_identification:_identify(src/motor_test) by extensions ['ros']
[0.596s] Level 1:colcon.colcon_core.package_identification:_identify(src/motor_test) by extension 'ros'
[0.600s] DEBUG:colcon.colcon_core.package_identification:Package 'src/motor_test' with type 'ros.ament_cmake' and name 'motor_test'
[0.600s] Level 1:colcon.colcon_core.package_identification:_identify(stm_firmware) by extensions ['ignore', 'ignore_ament_install']
[0.600s] Level 1:colcon.colcon_core.package_identification:_identify(stm_firmware) by extension 'ignore'
[0.600s] Level 1:colcon.colcon_core.package_identification:_identify(stm_firmware) by extension 'ignore_ament_install'
[0.600s] Level 1:colcon.colcon_core.package_identification:_identify(stm_firmware) by extensions ['colcon_pkg']
[0.600s] Level 1:colcon.colcon_core.package_identification:_identify(stm_firmware) by extension 'colcon_pkg'
[0.600s] Level 1:colcon.colcon_core.package_identification:_identify(stm_firmware) by extensions ['colcon_meta']
[0.600s] Level 1:colcon.colcon_core.package_identification:_identify(stm_firmware) by extension 'colcon_meta'
[0.600s] Level 1:colcon.colcon_core.package_identification:_identify(stm_firmware) by extensions ['ros']
[0.600s] Level 1:colcon.colcon_core.package_identification:_identify(stm_firmware) by extension 'ros'
[0.600s] Level 1:colcon.colcon_core.package_identification:_identify(stm_firmware) by extensions ['cmake', 'python']
[0.600s] Level 1:colcon.colcon_core.package_identification:_identify(stm_firmware) by extension 'cmake'
[0.600s] Level 1:colcon.colcon_core.package_identification:_identify(stm_firmware) by extension 'python'
[0.600s] Level 1:colcon.colcon_core.package_identification:_identify(stm_firmware) by extensions ['python_setup_py']
[0.601s] Level 1:colcon.colcon_core.package_identification:_identify(stm_firmware) by extension 'python_setup_py'
[0.601s] Level 1:colcon.colcon_core.package_identification:_identify(stm_firmware/stm_firmware) by extensions ['ignore', 'ignore_ament_install']
[0.601s] Level 1:colcon.colcon_core.package_identification:_identify(stm_firmware/stm_firmware) by extension 'ignore'
[0.601s] Level 1:colcon.colcon_core.package_identification:_identify(stm_firmware/stm_firmware) by extension 'ignore_ament_install'
[0.601s] Level 1:colcon.colcon_core.package_identification:_identify(stm_firmware/stm_firmware) by extensions ['colcon_pkg']
[0.601s] Level 1:colcon.colcon_core.package_identification:_identify(stm_firmware/stm_firmware) by extension 'colcon_pkg'
[0.601s] Level 1:colcon.colcon_core.package_identification:_identify(stm_firmware/stm_firmware) by extensions ['colcon_meta']
[0.601s] Level 1:colcon.colcon_core.package_identification:_identify(stm_firmware/stm_firmware) by extension 'colcon_meta'
[0.601s] Level 1:colcon.colcon_core.package_identification:_identify(stm_firmware/stm_firmware) by extensions ['ros']
[0.601s] Level 1:colcon.colcon_core.package_identification:_identify(stm_firmware/stm_firmware) by extension 'ros'
[0.601s] Level 1:colcon.colcon_core.package_identification:_identify(stm_firmware/stm_firmware) by extensions ['cmake', 'python']
[0.601s] Level 1:colcon.colcon_core.package_identification:_identify(stm_firmware/stm_firmware) by extension 'cmake'
[0.601s] Level 1:colcon.colcon_core.package_identification:_identify(stm_firmware/stm_firmware) by extension 'python'
[0.601s] Level 1:colcon.colcon_core.package_identification:_identify(stm_firmware/stm_firmware) by extensions ['python_setup_py']
[0.601s] Level 1:colcon.colcon_core.package_identification:_identify(stm_firmware/stm_firmware) by extension 'python_setup_py'
[0.601s] Level 1:colcon.colcon_core.package_discovery:discover_packages(recursive) using defaults
[0.601s] Level 1:colcon.colcon_core.package_discovery:discover_packages(ignore) discover
[0.601s] Level 1:colcon.colcon_core.package_discovery:discover_packages(ignore) using defaults
[0.601s] Level 1:colcon.colcon_core.package_discovery:discover_packages(path) discover
[0.601s] Level 1:colcon.colcon_core.package_discovery:discover_packages(path) using defaults
[0.638s] Level 1:colcon.colcon_core.package_discovery:discover_packages(prefix_path) check parameters
[0.638s] Level 1:colcon.colcon_core.package_discovery:discover_packages(prefix_path) discover
[0.643s] DEBUG:colcon.colcon_installed_package_information.package_discovery:Found 286 installed packages in /opt/ros/jazzy
[0.644s] Level 1:colcon.colcon_core.package_discovery:discover_packages(prefix_path) using defaults
[0.675s] Level 5:colcon.colcon_core.verb:set package 'motor_test' build argument 'cmake_args' from command line to 'None'
[0.676s] Level 5:colcon.colcon_core.verb:set package 'motor_test' build argument 'cmake_target' from command line to 'None'
[0.676s] Level 5:colcon.colcon_core.verb:set package 'motor_test' build argument 'cmake_target_skip_unavailable' from command line to 'False'
[0.676s] Level 5:colcon.colcon_core.verb:set package 'motor_test' build argument 'cmake_clean_cache' from command line to 'False'
[0.676s] Level 5:colcon.colcon_core.verb:set package 'motor_test' build argument 'cmake_clean_first' from command line to 'False'
[0.676s] Level 5:colcon.colcon_core.verb:set package 'motor_test' build argument 'cmake_force_configure' from command line to 'False'
[0.676s] Level 5:colcon.colcon_core.verb:set package 'motor_test' build argument 'ament_cmake_args' from command line to 'None'
[0.676s] Level 5:colcon.colcon_core.verb:set package 'motor_test' build argument 'catkin_cmake_args' from command line to 'None'
[0.676s] Level 5:colcon.colcon_core.verb:set package 'motor_test' build argument 'catkin_skip_building_tests' from command line to 'False'
[0.676s] DEBUG:colcon.colcon_core.verb:Building package 'motor_test' with the following arguments: {'ament_cmake_args': None, 'build_base': '/home/meng/meng/MEng-PROJ500-2025-26/Software/build/motor_test', 'catkin_cmake_args': None, 'catkin_skip_building_tests': False, 'cmake_args': None, 'cmake_clean_cache': False, 'cmake_clean_first': False, 'cmake_force_configure': False, 'cmake_target': None, 'cmake_target_skip_unavailable': False, 'install_base': '/home/meng/meng/MEng-PROJ500-2025-26/Software/install/motor_test', 'merge_install': False, 'path': '/home/meng/meng/MEng-PROJ500-2025-26/Software/src/motor_test', 'symlink_install': False, 'test_result_base': None}
[0.676s] INFO:colcon.colcon_core.executor:Executing jobs using 'parallel' executor
[0.677s] DEBUG:colcon.colcon_parallel_executor.executor.parallel:run_until_complete
[0.677s] INFO:colcon.colcon_ros.task.ament_cmake.build:Building ROS package in '/home/meng/meng/MEng-PROJ500-2025-26/Software/src/motor_test' with build type 'ament_cmake'
[0.678s] INFO:colcon.colcon_cmake.task.cmake.build:Building CMake package in '/home/meng/meng/MEng-PROJ500-2025-26/Software/src/motor_test'
[0.691s] INFO:colcon.colcon_core.plugin_system:Skipping extension 'colcon_core.shell.bat': Not used on non-Windows systems
[0.691s] INFO:colcon.colcon_core.shell:Skip shell extension 'powershell' for command environment: Not usable outside of PowerShell
[0.691s] DEBUG:colcon.colcon_core.shell:Skip shell extension 'dsv' for command environment
[0.704s] DEBUG:colcon.colcon_core.event_handler.log_command:Invoking command in '/home/meng/meng/MEng-PROJ500-2025-26/Software/build/motor_test': CMAKE_PREFIX_PATH=${CMAKE_PREFIX_PATH}:/opt/ros/jazzy DEBUGINFOD_URLS=https://debuginfod.ubuntu.com /usr/bin/cmake --build /home/meng/meng/MEng-PROJ500-2025-26/Software/build/motor_test -- -j2 -l2
[4.320s] DEBUG:colcon.colcon_core.event_handler.log_command:Invoked command in '/home/meng/meng/MEng-PROJ500-2025-26/Software/build/motor_test' returned '0': CMAKE_PREFIX_PATH=${CMAKE_PREFIX_PATH}:/opt/ros/jazzy DEBUGINFOD_URLS=https://debuginfod.ubuntu.com /usr/bin/cmake --build /home/meng/meng/MEng-PROJ500-2025-26/Software/build/motor_test -- -j2 -l2
[4.353s] DEBUG:colcon.colcon_core.event_handler.log_command:Invoking command in '/home/meng/meng/MEng-PROJ500-2025-26/Software/build/motor_test': CMAKE_PREFIX_PATH=${CMAKE_PREFIX_PATH}:/opt/ros/jazzy DEBUGINFOD_URLS=https://debuginfod.ubuntu.com /usr/bin/cmake --install /home/meng/meng/MEng-PROJ500-2025-26/Software/build/motor_test
[4.572s] Level 1:colcon.colcon_core.environment:create_environment_scripts_only(motor_test)
[4.572s] DEBUG:colcon.colcon_core.event_handler.log_command:Invoked command in '/home/meng/meng/MEng-PROJ500-2025-26/Software/build/motor_test' returned '0': CMAKE_PREFIX_PATH=${CMAKE_PREFIX_PATH}:/opt/ros/jazzy DEBUGINFOD_URLS=https://debuginfod.ubuntu.com /usr/bin/cmake --install /home/meng/meng/MEng-PROJ500-2025-26/Software/build/motor_test
[4.584s] Level 1:colcon.colcon_core.environment:checking '/home/meng/meng/MEng-PROJ500-2025-26/Software/install/motor_test' for CMake module files
[4.586s] Level 1:colcon.colcon_core.environment:checking '/home/meng/meng/MEng-PROJ500-2025-26/Software/install/motor_test' for CMake config files
[4.588s] Level 1:colcon.colcon_core.shell:create_environment_hook('motor_test', 'cmake_prefix_path')
[4.588s] INFO:colcon.colcon_core.shell:Creating environment hook '/home/meng/meng/MEng-PROJ500-2025-26/Software/install/motor_test/share/motor_test/hook/cmake_prefix_path.ps1'
[4.590s] INFO:colcon.colcon_core.shell:Creating environment descriptor '/home/meng/meng/MEng-PROJ500-2025-26/Software/install/motor_test/share/motor_test/hook/cmake_prefix_path.dsv'
[4.594s] INFO:colcon.colcon_core.shell:Creating environment hook '/home/meng/meng/MEng-PROJ500-2025-26/Software/install/motor_test/share/motor_test/hook/cmake_prefix_path.sh'
[4.597s] Level 1:colcon.colcon_core.environment:checking '/home/meng/meng/MEng-PROJ500-2025-26/Software/install/motor_test/lib'
[4.597s] Level 1:colcon.colcon_core.shell:create_environment_hook('motor_test', 'ld_library_path_lib')
[4.598s] INFO:colcon.colcon_core.shell:Creating environment hook '/home/meng/meng/MEng-PROJ500-2025-26/Software/install/motor_test/share/motor_test/hook/ld_library_path_lib.ps1'
[4.598s] INFO:colcon.colcon_core.shell:Creating environment descriptor '/home/meng/meng/MEng-PROJ500-2025-26/Software/install/motor_test/share/motor_test/hook/ld_library_path_lib.dsv'
[4.599s] INFO:colcon.colcon_core.shell:Creating environment hook '/home/meng/meng/MEng-PROJ500-2025-26/Software/install/motor_test/share/motor_test/hook/ld_library_path_lib.sh'
[4.601s] Level 1:colcon.colcon_core.environment:checking '/home/meng/meng/MEng-PROJ500-2025-26/Software/install/motor_test/bin'
[4.601s] Level 1:colcon.colcon_core.environment:checking '/home/meng/meng/MEng-PROJ500-2025-26/Software/install/motor_test/lib/pkgconfig/motor_test.pc'
[4.602s] Level 1:colcon.colcon_core.environment:checking '/home/meng/meng/MEng-PROJ500-2025-26/Software/install/motor_test/lib/python3.12/site-packages'
[4.602s] Level 1:colcon.colcon_core.shell:create_environment_hook('motor_test', 'pythonpath')
[4.602s] INFO:colcon.colcon_core.shell:Creating environment hook '/home/meng/meng/MEng-PROJ500-2025-26/Software/install/motor_test/share/motor_test/hook/pythonpath.ps1'
[4.603s] INFO:colcon.colcon_core.shell:Creating environment descriptor '/home/meng/meng/MEng-PROJ500-2025-26/Software/install/motor_test/share/motor_test/hook/pythonpath.dsv'
[4.604s] INFO:colcon.colcon_core.shell:Creating environment hook '/home/meng/meng/MEng-PROJ500-2025-26/Software/install/motor_test/share/motor_test/hook/pythonpath.sh'
[4.606s] Level 1:colcon.colcon_core.environment:checking '/home/meng/meng/MEng-PROJ500-2025-26/Software/install/motor_test/bin'
[4.606s] INFO:colcon.colcon_core.shell:Creating package script '/home/meng/meng/MEng-PROJ500-2025-26/Software/install/motor_test/share/motor_test/package.ps1'
[4.608s] INFO:colcon.colcon_core.shell:Creating package descriptor '/home/meng/meng/MEng-PROJ500-2025-26/Software/install/motor_test/share/motor_test/package.dsv'
[4.610s] INFO:colcon.colcon_core.shell:Creating package script '/home/meng/meng/MEng-PROJ500-2025-26/Software/install/motor_test/share/motor_test/package.sh'
[4.612s] INFO:colcon.colcon_core.shell:Creating package script '/home/meng/meng/MEng-PROJ500-2025-26/Software/install/motor_test/share/motor_test/package.bash'
[4.613s] INFO:colcon.colcon_core.shell:Creating package script '/home/meng/meng/MEng-PROJ500-2025-26/Software/install/motor_test/share/motor_test/package.zsh'
[4.615s] Level 1:colcon.colcon_core.environment:create_file_with_runtime_dependencies(/home/meng/meng/MEng-PROJ500-2025-26/Software/install/motor_test/share/colcon-core/packages/motor_test)
[4.615s] Level 1:colcon.colcon_core.environment:create_environment_scripts_only(motor_test)
[4.616s] Level 1:colcon.colcon_core.environment:checking '/home/meng/meng/MEng-PROJ500-2025-26/Software/install/motor_test' for CMake module files
[4.616s] Level 1:colcon.colcon_core.environment:checking '/home/meng/meng/MEng-PROJ500-2025-26/Software/install/motor_test' for CMake config files
[4.617s] Level 1:colcon.colcon_core.shell:create_environment_hook('motor_test', 'cmake_prefix_path')
[4.617s] INFO:colcon.colcon_core.shell:Creating environment hook '/home/meng/meng/MEng-PROJ500-2025-26/Software/install/motor_test/share/motor_test/hook/cmake_prefix_path.ps1'
[4.617s] INFO:colcon.colcon_core.shell:Creating environment descriptor '/home/meng/meng/MEng-PROJ500-2025-26/Software/install/motor_test/share/motor_test/hook/cmake_prefix_path.dsv'
[4.618s] INFO:colcon.colcon_core.shell:Creating environment hook '/home/meng/meng/MEng-PROJ500-2025-26/Software/install/motor_test/share/motor_test/hook/cmake_prefix_path.sh'
[4.619s] Level 1:colcon.colcon_core.environment:checking '/home/meng/meng/MEng-PROJ500-2025-26/Software/install/motor_test/lib'
[4.619s] Level 1:colcon.colcon_core.shell:create_environment_hook('motor_test', 'ld_library_path_lib')
[4.619s] INFO:colcon.colcon_core.shell:Creating environment hook '/home/meng/meng/MEng-PROJ500-2025-26/Software/install/motor_test/share/motor_test/hook/ld_library_path_lib.ps1'
[4.620s] INFO:colcon.colcon_core.shell:Creating environment descriptor '/home/meng/meng/MEng-PROJ500-2025-26/Software/install/motor_test/share/motor_test/hook/ld_library_path_lib.dsv'
[4.620s] INFO:colcon.colcon_core.shell:Creating environment hook '/home/meng/meng/MEng-PROJ500-2025-26/Software/install/motor_test/share/motor_test/hook/ld_library_path_lib.sh'
[4.621s] Level 1:colcon.colcon_core.environment:checking '/home/meng/meng/MEng-PROJ500-2025-26/Software/install/motor_test/bin'
[4.621s] Level 1:colcon.colcon_core.environment:checking '/home/meng/meng/MEng-PROJ500-2025-26/Software/install/motor_test/lib/pkgconfig/motor_test.pc'
[4.621s] Level 1:colcon.colcon_core.environment:checking '/home/meng/meng/MEng-PROJ500-2025-26/Software/install/motor_test/lib/python3.12/site-packages'
[4.621s] Level 1:colcon.colcon_core.shell:create_environment_hook('motor_test', 'pythonpath')
[4.621s] INFO:colcon.colcon_core.shell:Creating environment hook '/home/meng/meng/MEng-PROJ500-2025-26/Software/install/motor_test/share/motor_test/hook/pythonpath.ps1'
[4.622s] INFO:colcon.colcon_core.shell:Creating environment descriptor '/home/meng/meng/MEng-PROJ500-2025-26/Software/install/motor_test/share/motor_test/hook/pythonpath.dsv'
[4.622s] INFO:colcon.colcon_core.shell:Creating environment hook '/home/meng/meng/MEng-PROJ500-2025-26/Software/install/motor_test/share/motor_test/hook/pythonpath.sh'
[4.623s] Level 1:colcon.colcon_core.environment:checking '/home/meng/meng/MEng-PROJ500-2025-26/Software/install/motor_test/bin'
[4.623s] INFO:colcon.colcon_core.shell:Creating package script '/home/meng/meng/MEng-PROJ500-2025-26/Software/install/motor_test/share/motor_test/package.ps1'
[4.624s] INFO:colcon.colcon_core.shell:Creating package descriptor '/home/meng/meng/MEng-PROJ500-2025-26/Software/install/motor_test/share/motor_test/package.dsv'
[4.625s] INFO:colcon.colcon_core.shell:Creating package script '/home/meng/meng/MEng-PROJ500-2025-26/Software/install/motor_test/share/motor_test/package.sh'
[4.625s] INFO:colcon.colcon_core.shell:Creating package script '/home/meng/meng/MEng-PROJ500-2025-26/Software/install/motor_test/share/motor_test/package.bash'
[4.626s] INFO:colcon.colcon_core.shell:Creating package script '/home/meng/meng/MEng-PROJ500-2025-26/Software/install/motor_test/share/motor_test/package.zsh'
[4.626s] Level 1:colcon.colcon_core.environment:create_file_with_runtime_dependencies(/home/meng/meng/MEng-PROJ500-2025-26/Software/install/motor_test/share/colcon-core/packages/motor_test)
[4.627s] DEBUG:colcon.colcon_parallel_executor.executor.parallel:closing loop
[4.632s] DEBUG:colcon.colcon_parallel_executor.executor.parallel:loop closed
[4.632s] DEBUG:colcon.colcon_parallel_executor.executor.parallel:run_until_complete finished with '0'
[4.632s] DEBUG:colcon.colcon_core.event_reactor:joining thread
[4.662s] INFO:colcon.colcon_core.plugin_system:Skipping extension 'colcon_notification.desktop_notification.terminal_notifier': Not used on non-Darwin systems
[4.662s] INFO:colcon.colcon_core.plugin_system:Skipping extension 'colcon_notification.desktop_notification.win32': Not used on non-Windows systems
[4.663s] INFO:colcon.colcon_notification.desktop_notification:Sending desktop notification using 'notify2'
[4.689s] DEBUG:colcon.colcon_core.event_reactor:joined thread
[4.690s] INFO:colcon.colcon_core.shell:Creating prefix script '/home/meng/meng/MEng-PROJ500-2025-26/Software/install/local_setup.ps1'
[4.691s] INFO:colcon.colcon_core.shell:Creating prefix util module '/home/meng/meng/MEng-PROJ500-2025-26/Software/install/_local_setup_util_ps1.py'
[4.693s] INFO:colcon.colcon_core.shell:Creating prefix chain script '/home/meng/meng/MEng-PROJ500-2025-26/Software/install/setup.ps1'
[4.694s] INFO:colcon.colcon_core.shell:Creating prefix script '/home/meng/meng/MEng-PROJ500-2025-26/Software/install/local_setup.sh'
[4.696s] INFO:colcon.colcon_core.shell:Creating prefix util module '/home/meng/meng/MEng-PROJ500-2025-26/Software/install/_local_setup_util_sh.py'
[4.697s] INFO:colcon.colcon_core.shell:Creating prefix chain script '/home/meng/meng/MEng-PROJ500-2025-26/Software/install/setup.sh'
[4.699s] INFO:colcon.colcon_core.shell:Creating prefix script '/home/meng/meng/MEng-PROJ500-2025-26/Software/install/local_setup.bash'
[4.700s] INFO:colcon.colcon_core.shell:Creating prefix chain script '/home/meng/meng/MEng-PROJ500-2025-26/Software/install/setup.bash'
[4.701s] INFO:colcon.colcon_core.shell:Creating prefix script '/home/meng/meng/MEng-PROJ500-2025-26/Software/install/local_setup.zsh'
[4.703s] INFO:colcon.colcon_core.shell:Creating prefix chain script '/home/meng/meng/MEng-PROJ500-2025-26/Software/install/setup.zsh'
