
Copyright (C) 1994-2023 Synopsys, Inc.
This Synopsys software and all associated documentation are proprietary to Synopsys, Inc.
and may only be used pursuant to the terms and conditions of a written license agreement
with Synopsys, Inc. All other use, reproduction, modification, or distribution of the
Synopsys software or the associated documentation is strictly prohibited.
Tool: Synplify Pro (R)
Build: V-2023.09L-2
Install: C:\Programs\Lattice Diamond\synpbase
OS: Windows 10 or later
Hostname: CHARLIE

Implementation : V1

# Written on Wed May  6 21:41:49 2026

##### DESIGN INFO #######################################################

Top View:                "pdu_glue"
Constraint File(s):      "C:\Users\charl\Documents\TEMP BACKUPS\17.03.26\PROJ500 (Humanoid)\FPGA\PROJ500_PDU_FPGA\pdu_glue_synth.sdc"




##### SUMMARY ############################################################

Found 0 issues in 0 out of 1 constraints


##### DETAILS ############################################################



Clock Relationships
*******************

Starting     Ending      |     rise to rise     |     fall to fall     |     rise to fall     |     fall to rise                     
------------------------------------------------------------------------------------------------------------------------------------
System       System      |     10.000           |     No paths         |     No paths         |     No paths                         
System       clk_osc     |     480.770          |     No paths         |     No paths         |     No paths                         
clk_osc      System      |     480.770          |     No paths         |     No paths         |     No paths                         
clk_osc      clk_osc     |     480.770          |     No paths         |     No paths         |     No paths                         
====================================================================================================================================
 Note: 'No paths' indicates there are no paths in the design for that pair of clock edges.
       'Diff grp' indicates that paths exist but the starting clock and ending clock are in different clock groups.


Unconstrained Start/End Points
******************************

p:ARM_PERMIT
p:COMPUTE_EN
p:DUMP_EN
p:ESTOP_OK
p:FAULT_CODE[0]
p:FAULT_CODE[1]
p:FAULT_CODE[2]
p:FAULT_CODE[3]
p:FAULT_LATCH
p:FB_CLOSED
p:K_EN
p:K_SEL
p:MCU_ALIVE
p:MCU_CMD_ARM
p:MCU_CMD_FAULT
p:MOTOR_EN
p:OV
p:OVUV_OK
p:PRECHARGE_LATCH
p:PRECHARGE_OK
p:PRECHARGE_REQ
p:SPARE_OUT_0
p:SPARE_OUT_1
p:STATE_CODE[0]
p:STATE_CODE[1]
p:SW_ARM
p:SW_COMPUTE
p:SW_REMOTE_ARM
p:SW_REMOTE_DISARM
p:SW_RST_FAULT
p:UV
p:VBUS_OV
p:i2c1_scl (bidir end point)
p:i2c1_scl (bidir start point)
p:i2c1_sda (bidir end point)
p:i2c1_sda (bidir start point)


Inapplicable constraints
************************

(none)


Applicable constraints with issues
**********************************

(none)


Constraints with matching wildcard expressions
**********************************************

(none)


Library Report
**************


# End of Constraint Checker Report
