
Copyright (C) 1994-2023 Synopsys, Inc.
This Synopsys software and all associated documentation are proprietary to Synopsys, Inc.
and may only be used pursuant to the terms and conditions of a written license agreement
with Synopsys, Inc. All other use, reproduction, modification, or distribution of the
Synopsys software or the associated documentation is strictly prohibited.
Tool: Synplify Pro (R)
Build: V-2023.09L-2
Install: C:\Programs\Lattice Diamond\synpbase
OS: Windows 10 or later
Hostname: CHARLIE

Implementation : V1

# Written on Wed May  6 21:41:47 2026

##### FILES SYNTAX CHECKED ##############################################
Constraint File(s):      "C:\Users\charl\Documents\TEMP BACKUPS\17.03.26\PROJ500 (Humanoid)\FPGA\PROJ500_PDU_FPGA\pdu_glue_synth.sdc"

#Run constraint checker to find more issues with constraints.
#########################################################################



No issues found in constraint syntax.



Clock Summary
*************

          Start       Requested     Requested     Clock        Clock                Clock
Level     Clock       Frequency     Period        Type         Group                Load 
-----------------------------------------------------------------------------------------
0 -       clk_osc     2.1 MHz       480.770       declared     default_clkgroup     170  
                                                                                         
0 -       System      100.0 MHz     10.000        system       system_clkgroup      0    
=========================================================================================


Clock Load Summary
******************

            Clock     Source               Clock Pin           Non-clock Pin     Non-clock Pin
Clock       Load      Pin                  Seq Example         Seq Example       Comb Example 
----------------------------------------------------------------------------------------------
clk_osc     170       u_osch.OSC(OSCH)     wb_resp_valid.C     -                 -            
                                                                                              
System      0         -                    -                   -                 -            
==============================================================================================
