
           Lattice Mapping Report File for Design Module 'pdu_glue'


Design Information
------------------

Command line:   map -a MachXO2 -p LCMXO2-640HC -t QFN48 -s 5 -oc Commercial
     PROJ500_PDU_FPGA_V1.ngd -o PROJ500_PDU_FPGA_V1_map.ncd -pr
     PROJ500_PDU_FPGA_V1.prf -mp PROJ500_PDU_FPGA_V1.mrp -lpf
     C:/Users/charl/Documents/TEMP BACKUPS/17.03.26/PROJ500
     (Humanoid)/FPGA/PROJ500_PDU_FPGA/V1/PROJ500_PDU_FPGA_V1_synplify.lpf -lpf
     C:/Users/charl/Documents/TEMP BACKUPS/17.03.26/PROJ500
     (Humanoid)/FPGA/PROJ500_PDU_FPGA/PROJ500_PDU_FPGA.lpf -c 0 -gui -msgset
     C:/Users/charl/Documents/TEMP BACKUPS/17.03.26/PROJ500
     (Humanoid)/FPGA/PROJ500_PDU_FPGA/promote.xml 
Target Vendor:  LATTICE
Target Device:  LCMXO2-640HCQFN48
Target Performance:   5
Mapper:  xo2c00,  version:  Diamond (64-bit) 3.14.0.75.2
Mapped on:  05/06/26  21:42:29

Design Summary
--------------

   Number of registers:    170 out of   760 (22%)
      PFU registers:          154 out of   640 (24%)
      PIO registers:           16 out of   120 (13%)
   Number of SLICEs:       138 out of   320 (43%)
      SLICEs as Logic/ROM:    138 out of   320 (43%)
      SLICEs as RAM:            0 out of   240 (0%)
      SLICEs as Carry:         31 out of   320 (10%)
   Number of LUT4s:        270 out of   640 (42%)
      Number used as logic LUTs:        208
      Number used as distributed RAM:     0
      Number used as ripple logic:       62
      Number used as shift registers:     0
   Number of PIO sites used: 34 + 4(JTAG) out of 40 (95%)
   Number of block RAMs:  0 out of 2 (0%)
   Number of GSRs:        0 out of 1 (0%)
   EFB used :        Yes
   JTAG used :       No
   Readback used :   No
   Oscillator used : Yes
   Startup used :    No
   POR :             On
   Bandgap :         On
   Number of Power Controller:  0 out of 1 (0%)
   Number of Dynamic Bank Controller (BCINRD):  0 out of 4 (0%)
   Number of DCCA:  0 out of 8 (0%)
   Number of DCMA:  0 out of 2 (0%)
   Notes:-
      1. Total number of LUT4s = (Number of logic LUT4s) + 2*(Number of
     distributed RAMs) + 2*(Number of ripple logic)
      2. Number of logic LUT4s does not include count of distributed RAM and
     ripple logic.
   Number of clocks:  2
     Net clk_osc: 104 loads, 104 rising, 0 falling (Driver: u_osch )
     Net u_efb_i2c/i2c1_scli: 1 loads, 1 rising, 0 falling (Driver: PIO i2c1_scl
     )
   Number of Clock Enables:  6
     Net N_193_i: 6 loads, 6 LSLICEs

                                    Page 1




Design:  pdu_glue                                      Date:  05/06/26  21:42:29

Design Summary (cont)
---------------------
     Net tick_1ms: 23 loads, 21 LSLICEs
     Net N_240_i: 4 loads, 4 LSLICEs
     Net N_250_i: 1 loads, 1 LSLICEs
     Net t_prechargee: 7 loads, 7 LSLICEs
     Net un1_spare_heartbeat3_9_i: 2 loads, 2 LSLICEs
   Number of LSRs:  7
     Net wb_rst_is_i: 1 loads, 1 LSLICEs
     Net wb_rst_i: 5 loads, 4 LSLICEs
     Net un1_spare_heartbeat3_1_i: 1 loads, 1 LSLICEs
     Net N_195_i: 4 loads, 4 LSLICEs
     Net wb_ack_o: 1 loads, 1 LSLICEs
     Net un1_spare_heartbeat3_2_i: 2 loads, 2 LSLICEs
     Net un1_spare_heartbeat3_i: 1 loads, 1 LSLICEs
   Number of nets driven by tri-state buffers:  0
   Top 10 highest fanout non-clock nets:
     Net tick_1ms: 76 loads
     Net state[0]: 23 loads
     Net state[1]: 20 loads
     Net fault_set: 19 loads
     Net state[2]: 16 loads
     Net un1_spare_heartbeat3_6_i: 16 loads
     Net wb_rst_i: 16 loads
     Net arm_ok: 14 loads
     Net un1_precharge_latch_r_2_sqmuxa_i: 13 loads
     Net wb_resp_valid: 13 loads




   Number of warnings:  3
   Number of errors:    0
     

Design Errors/Warnings
----------------------

WARNING - map: Pref conflicts. Ignoring FREQUENCY NET "clk_osc" 2.100000 MHz ;
        Keeping FREQUENCY NET "clk_osc" 2.080000 MHz ;
     .
WARNING - map: In "LOCATE COMP "i2c1_scl" SITE "43" ;": Current SYS_CONFIG
     setting prohibits pin "43" to be used as user IO. This preference has been
     disabled.
WARNING - map: In "LOCATE COMP "i2c1_sda" SITE "42" ;": Current SYS_CONFIG
     setting prohibits pin "42" to be used as user IO. This preference has been
     disabled.

IO (PIO) Attributes
-------------------

+---------------------+-----------+-----------+------------+
| IO Name             | Direction | Levelmode | IO         |
|                     |           |  IO_TYPE  | Register   |
+---------------------+-----------+-----------+------------+
| FAULT_LATCH         | OUTPUT    | LVCMOS33  |            |
+---------------------+-----------+-----------+------------+
| SW_COMPUTE          | INPUT     | LVCMOS33  | IN         |

                                    Page 2




Design:  pdu_glue                                      Date:  05/06/26  21:42:29

IO (PIO) Attributes (cont)
--------------------------
+---------------------+-----------+-----------+------------+
| i2c1_scl            | BIDIR     | LVCMOS33  |            |
+---------------------+-----------+-----------+------------+
| i2c1_sda            | BIDIR     | LVCMOS33  |            |
+---------------------+-----------+-----------+------------+
| SPARE_OUT_1         | OUTPUT    | LVCMOS33  | OUT        |
+---------------------+-----------+-----------+------------+
| SPARE_OUT_0         | OUTPUT    | LVCMOS33  | OUT        |
+---------------------+-----------+-----------+------------+
| DUMP_EN             | OUTPUT    | LVCMOS33  |            |
+---------------------+-----------+-----------+------------+
| PRECHARGE_REQ       | OUTPUT    | LVCMOS33  |            |
+---------------------+-----------+-----------+------------+
| ARM_PERMIT          | OUTPUT    | LVCMOS33  |            |
+---------------------+-----------+-----------+------------+
| OVUV_OK             | OUTPUT    | LVCMOS33  |            |
+---------------------+-----------+-----------+------------+
| STATE_CODE[1]       | OUTPUT    | LVCMOS33  |            |
+---------------------+-----------+-----------+------------+
| STATE_CODE[0]       | OUTPUT    | LVCMOS33  |            |
+---------------------+-----------+-----------+------------+
| FAULT_CODE[3]       | OUTPUT    | LVCMOS33  |            |
+---------------------+-----------+-----------+------------+
| FAULT_CODE[2]       | OUTPUT    | LVCMOS33  |            |
+---------------------+-----------+-----------+------------+
| FAULT_CODE[1]       | OUTPUT    | LVCMOS33  |            |
+---------------------+-----------+-----------+------------+
| FAULT_CODE[0]       | OUTPUT    | LVCMOS33  |            |
+---------------------+-----------+-----------+------------+
| K_EN                | OUTPUT    | LVCMOS33  |            |
+---------------------+-----------+-----------+------------+
| K_SEL               | OUTPUT    | LVCMOS33  |            |
+---------------------+-----------+-----------+------------+
| COMPUTE_EN          | OUTPUT    | LVCMOS33  |            |
+---------------------+-----------+-----------+------------+
| MOTOR_EN            | OUTPUT    | LVCMOS33  |            |
+---------------------+-----------+-----------+------------+
| PRECHARGE_LATCH     | OUTPUT    | LVCMOS33  |            |
+---------------------+-----------+-----------+------------+
| FB_CLOSED           | INPUT     | LVCMOS33  | IN         |
+---------------------+-----------+-----------+------------+
| PRECHARGE_OK        | INPUT     | LVCMOS33  | IN         |
+---------------------+-----------+-----------+------------+
| MCU_CMD_FAULT       | INPUT     | LVCMOS33  | IN         |
+---------------------+-----------+-----------+------------+
| MCU_CMD_ARM         | INPUT     | LVCMOS33  | IN         |
+---------------------+-----------+-----------+------------+
| MCU_ALIVE           | INPUT     | LVCMOS33  | IN         |
+---------------------+-----------+-----------+------------+
| VBUS_OV             | INPUT     | LVCMOS33  | IN         |
+---------------------+-----------+-----------+------------+
| UV                  | INPUT     | LVCMOS33  | IN         |
+---------------------+-----------+-----------+------------+
| OV                  | INPUT     | LVCMOS33  | IN         |
+---------------------+-----------+-----------+------------+
| ESTOP_OK            | INPUT     | LVCMOS33  | IN         |

                                    Page 3




Design:  pdu_glue                                      Date:  05/06/26  21:42:29

IO (PIO) Attributes (cont)
--------------------------
+---------------------+-----------+-----------+------------+
| SW_REMOTE_DISARM    | INPUT     | LVCMOS33  | IN         |
+---------------------+-----------+-----------+------------+
| SW_REMOTE_ARM       | INPUT     | LVCMOS33  | IN         |
+---------------------+-----------+-----------+------------+
| SW_RST_FAULT        | INPUT     | LVCMOS33  | IN         |
+---------------------+-----------+-----------+------------+
| SW_ARM              | INPUT     | LVCMOS33  | IN         |
+---------------------+-----------+-----------+------------+

Removed logic
-------------

Block GSR_INST undriven or does not drive anything - clipped.
Signal wb_ack_o_i was merged into signal wb_ack_o
Signal u_efb_i2c/GND undriven or does not drive anything - clipped.
Signal t_precharge_cry_0_COUT[11] undriven or does not drive anything - clipped.
     
Signal un2_div_cnt_cry_0_0_S1 undriven or does not drive anything - clipped.
Signal un2_div_cnt_cry_0_0_S0 undriven or does not drive anything - clipped.
Signal N_2 undriven or does not drive anything - clipped.
Signal un2_div_cnt_s_11_0_S1 undriven or does not drive anything - clipped.
Signal un2_div_cnt_s_11_0_COUT undriven or does not drive anything - clipped.
Signal un1_t_ksel_blank_2_cry_0_0_S1 undriven or does not drive anything -
     clipped.
Signal un1_t_ksel_blank_2_cry_0_0_S0 undriven or does not drive anything -
     clipped.
Signal N_3 undriven or does not drive anything - clipped.
Signal un1_t_ksel_blank_2_cry_3_0_COUT undriven or does not drive anything -
     clipped.
Signal un1_t_prechg_abort_min_2_cry_0_0_S1 undriven or does not drive anything -
     clipped.
Signal un1_t_prechg_abort_min_2_cry_0_0_S0 undriven or does not drive anything -
     clipped.
Signal N_4 undriven or does not drive anything - clipped.
Signal un1_t_prechg_abort_min_2_cry_5_0_COUT undriven or does not drive anything
     - clipped.
Signal un1_t_prechg_abort_2_cry_0_0_S1 undriven or does not drive anything -
     clipped.
Signal un1_t_prechg_abort_2_cry_0_0_S0 undriven or does not drive anything -
     clipped.
Signal N_5 undriven or does not drive anything - clipped.
Signal un1_t_prechg_abort_2_cry_7_0_COUT undriven or does not drive anything -
     clipped.
Signal un1_tx_ptr_cry_0_0_S0 undriven or does not drive anything - clipped.
Signal N_6 undriven or does not drive anything - clipped.
Signal un1_tx_ptr_s_7_0_S1 undriven or does not drive anything - clipped.
Signal un1_tx_ptr_s_7_0_COUT undriven or does not drive anything - clipped.
Signal u_efb_i2c/CFGSTDBY undriven or does not drive anything - clipped.
Signal u_efb_i2c/CFGWAKE undriven or does not drive anything - clipped.
Signal u_efb_i2c/WBCUFMIRQ undriven or does not drive anything - clipped.
Signal u_efb_i2c/TCOC undriven or does not drive anything - clipped.
Signal u_efb_i2c/TCINT undriven or does not drive anything - clipped.
Signal u_efb_i2c/SPIIRQO undriven or does not drive anything - clipped.
Signal u_efb_i2c/SPICSNEN undriven or does not drive anything - clipped.
Signal u_efb_i2c/SPIMCSN7 undriven or does not drive anything - clipped.

                                    Page 4




Design:  pdu_glue                                      Date:  05/06/26  21:42:29

Removed logic (cont)
--------------------
Signal u_efb_i2c/SPIMCSN6 undriven or does not drive anything - clipped.
Signal u_efb_i2c/SPIMCSN5 undriven or does not drive anything - clipped.
Signal u_efb_i2c/SPIMCSN4 undriven or does not drive anything - clipped.
Signal u_efb_i2c/SPIMCSN3 undriven or does not drive anything - clipped.
Signal u_efb_i2c/SPIMCSN2 undriven or does not drive anything - clipped.
Signal u_efb_i2c/SPIMCSN1 undriven or does not drive anything - clipped.
Signal u_efb_i2c/SPIMCSN0 undriven or does not drive anything - clipped.
Signal u_efb_i2c/SPIMOSIEN undriven or does not drive anything - clipped.
Signal u_efb_i2c/SPIMOSIO undriven or does not drive anything - clipped.
Signal u_efb_i2c/SPIMISOEN undriven or does not drive anything - clipped.
Signal u_efb_i2c/SPIMISOO undriven or does not drive anything - clipped.
Signal u_efb_i2c/SPISCKEN undriven or does not drive anything - clipped.
Signal u_efb_i2c/SPISCKO undriven or does not drive anything - clipped.
Signal u_efb_i2c/I2C2IRQO undriven or does not drive anything - clipped.
Signal u_efb_i2c/I2C2SDAOEN undriven or does not drive anything - clipped.
Signal u_efb_i2c/I2C2SDAO undriven or does not drive anything - clipped.
Signal u_efb_i2c/I2C2SCLOEN undriven or does not drive anything - clipped.
Signal u_efb_i2c/I2C2SCLO undriven or does not drive anything - clipped.
Signal u_efb_i2c/PLLDATO0 undriven or does not drive anything - clipped.
Signal u_efb_i2c/PLLDATO1 undriven or does not drive anything - clipped.
Signal u_efb_i2c/PLLDATO2 undriven or does not drive anything - clipped.
Signal u_efb_i2c/PLLDATO3 undriven or does not drive anything - clipped.
Signal u_efb_i2c/PLLDATO4 undriven or does not drive anything - clipped.
Signal u_efb_i2c/PLLDATO5 undriven or does not drive anything - clipped.
Signal u_efb_i2c/PLLDATO6 undriven or does not drive anything - clipped.
Signal u_efb_i2c/PLLDATO7 undriven or does not drive anything - clipped.
Signal u_efb_i2c/PLLADRO0 undriven or does not drive anything - clipped.
Signal u_efb_i2c/PLLADRO1 undriven or does not drive anything - clipped.
Signal u_efb_i2c/PLLADRO2 undriven or does not drive anything - clipped.
Signal u_efb_i2c/PLLADRO3 undriven or does not drive anything - clipped.
Signal u_efb_i2c/PLLADRO4 undriven or does not drive anything - clipped.
Signal u_efb_i2c/PLLWEO undriven or does not drive anything - clipped.
Signal u_efb_i2c/PLL1STBO undriven or does not drive anything - clipped.
Signal u_efb_i2c/PLL0STBO undriven or does not drive anything - clipped.
Signal u_efb_i2c/PLLRSTO undriven or does not drive anything - clipped.
Signal u_efb_i2c/PLLCLKO undriven or does not drive anything - clipped.
Signal t_precharge_cry_0_S0[0] undriven or does not drive anything - clipped.
Signal N_1 undriven or does not drive anything - clipped.
Signal u_osch_SEDSTDBY undriven or does not drive anything - clipped.
Block u_efb_i2c/EFBInst_0_RNI67MJ7 was optimized away.
Block u_efb_i2c/GND was optimized away.

     

OSC Summary
-----------

OSC 1:                                     Pin/Node Value
  OSC Instance Name:                                u_osch
  OSC Type:                                         OSCH
  STDBY Input:                                      NONE
  OSC Output:                              NODE     clk_osc
  OSC Nominal Frequency (MHz):                      2.08




                                    Page 5




Design:  pdu_glue                                      Date:  05/06/26  21:42:29

Embedded Functional Block Connection Summary
--------------------------------------------

   Desired WISHBONE clock frequency: 2.1 MHz
   Clock source:                     clk_osc
   Reset source:                     wb_rst_i
   Functions mode:
      I2C #1 (Primary) Function:     ENABLED
      I2C #2 (Secondary) Function:   DISABLED
      SPI Function:                  DISABLED
      Timer/Counter Function:        DISABLED
      Timer/Counter Mode:            WB
      UFM Connection:                DISABLED
      PLL0 Connection:               DISABLED
      PLL1 Connection:               DISABLED
   I2C Function Summary:
   --------------------
      I2C Component:          PRIMARY
      I2C Addressing:         7BIT
      I2C Performance:        100kHz
      Slave Address:          0b1010101
      General Call:           DISABLED
      I2C Wake Up:            DISABLED
      I2C Component:          UFM/Configuration
      I2C Addressing:         7BIT
      I2C Performance:        100kHz
      Slave Address:          0b1010100
   SPI Function Summary:
   --------------------
      None
   Timer/Counter Function Summary:
   ------------------------------
      None
   UFM Function Summary:
   --------------------
      UFM Utilization:        General Purpose Flash Memory
      Available General
      Purpose Flash Memory:   191 Pages (191*128 Bits)

           EBR Blocks with Unique
      Initialization Data:    0

           WID		EBR Instance
      ---		------------


ASIC Components
---------------

Instance Name: u_osch
         Type: OSCH
Instance Name: u_efb_i2c/EFBInst_0
         Type: EFB

Run Time and Memory Usage
-------------------------

   Total CPU Time: 0 secs  

                                    Page 6




Design:  pdu_glue                                      Date:  05/06/26  21:42:29

Run Time and Memory Usage (cont)
--------------------------------
   Total REAL Time: 0 secs  
   Peak Memory Usage: 40 MB
        






















































                                    Page 7


Copyright (c) 1991-1994 by NeoCAD Inc. All rights reserved.
     Copyright (c) 1995 AT&T Corp.   All rights reserved.
     Copyright (c) 1995-2001 Lucent Technologies Inc.  All rights reserved.
     Copyright (c) 2001 Agere Systems   All rights reserved.
     Copyright (c) 2002-2024 Lattice Semiconductor Corporation,  All rights
     reserved.
