FILE_TYPE=LIBRARY_PARTS;
PRIMITIVE 'ECS_.327_6_13X','ECS_.327_6_13X_Other';
  PIN
    '1':
      PIN_NUMBER='(1)';
      NO_LOAD_CHECK=BOTH;
      NO_IO_CHECK=BOTH;
      ALLOW_CONNECT=TRUE;
      PINUSE='UNSPEC';
    '2':
      PIN_NUMBER='(2)';
      NO_LOAD_CHECK=BOTH;
      NO_IO_CHECK=BOTH;
      ALLOW_CONNECT=TRUE;
      PINUSE='UNSPEC';
  END_PIN;
  BODY
    PART_NAME='ECS_.327_6_13X';
    PHYS_DES_PREFIX='Y';
    NO_LOAD_CHECK='TRUE';
    PIN_COUNT='2';
    BODY_NAME='ECS_.327_6_13X';
    JEDEC_TYPE='ECS327613X';
  END_BODY;
END_PRIMITIVE;
END.
