[0.467s] DEBUG:colcon:Command line arguments: ['/usr/bin/colcon', 'build', '--packages-select', 'motor_test']
[0.467s] DEBUG:colcon:Parsed command line arguments: Namespace(log_base=None, log_level=None, verb_name='build', build_base='build', install_base='install', merge_install=False, symlink_install=False, test_result_base=None, continue_on_error=False, executor='parallel', parallel_workers=2, event_handlers=None, ignore_user_meta=False, metas=['./colcon.meta'], base_paths=['.'], packages_ignore=None, packages_ignore_regex=None, paths=None, packages_up_to=None, packages_up_to_regex=None, packages_above=None, packages_above_and_dependencies=None, packages_above_depth=None, packages_select_by_dep=None, packages_skip_by_dep=None, packages_skip_up_to=None, packages_select_build_failed=False, packages_skip_build_finished=False, packages_select_test_failures=False, packages_skip_test_passed=False, packages_select=['motor_test'], packages_skip=None, packages_select_regex=None, packages_skip_regex=None, packages_start=None, packages_end=None, allow_overriding=[], cmake_args=None, cmake_target=None, cmake_target_skip_unavailable=False, cmake_clean_cache=False, cmake_clean_first=False, cmake_force_configure=False, ament_cmake_args=None, catkin_cmake_args=None, catkin_skip_building_tests=False, mixin_files=None, mixin=None, verb_parser=<colcon_mixin.mixin.mixin_argument.MixinArgumentDecorator object at 0x74ac64773d70>, verb_extension=<colcon_core.verb.build.BuildVerb object at 0x74ac648bc6b0>, main=<bound method BuildVerb.main of <colcon_core.verb.build.BuildVerb object at 0x74ac648bc6b0>>, mixin_verb=('build',))
[0.558s] Level 1:colcon.colcon_core.package_discovery:discover_packages(colcon_meta) check parameters
[0.558s] Level 1:colcon.colcon_core.package_discovery:discover_packages(recursive) check parameters
[0.558s] Level 1:colcon.colcon_core.package_discovery:discover_packages(ignore) check parameters
[0.558s] Level 1:colcon.colcon_core.package_discovery:discover_packages(path) check parameters
[0.559s] Level 1:colcon.colcon_core.package_discovery:discover_packages(colcon_meta) discover
[0.559s] Level 1:colcon.colcon_core.package_discovery:discover_packages(recursive) discover
[0.559s] INFO:colcon.colcon_core.package_discovery:Crawling recursively for packages in '/home/meng/meng/MEng-PROJ500-2025-26/Software'
[0.559s] Level 1:colcon.colcon_core.package_identification:_identify(.) by extensions ['ignore', 'ignore_ament_install']
[0.559s] Level 1:colcon.colcon_core.package_identification:_identify(.) by extension 'ignore'
[0.559s] Level 1:colcon.colcon_core.package_identification:_identify(.) by extension 'ignore_ament_install'
[0.559s] Level 1:colcon.colcon_core.package_identification:_identify(.) by extensions ['colcon_pkg']
[0.559s] Level 1:colcon.colcon_core.package_identification:_identify(.) by extension 'colcon_pkg'
[0.559s] Level 1:colcon.colcon_core.package_identification:_identify(.) by extensions ['colcon_meta']
[0.559s] Level 1:colcon.colcon_core.package_identification:_identify(.) by extension 'colcon_meta'
[0.559s] Level 1:colcon.colcon_core.package_identification:_identify(.) by extensions ['ros']
[0.559s] Level 1:colcon.colcon_core.package_identification:_identify(.) by extension 'ros'
[0.625s] Level 1:colcon.colcon_core.package_identification:_identify(.) by extensions ['cmake', 'python']
[0.627s] Level 1:colcon.colcon_core.package_identification:_identify(.) by extension 'cmake'
[0.628s] Level 1:colcon.colcon_core.package_identification:_identify(.) by extension 'python'
[0.628s] Level 1:colcon.colcon_core.package_identification:_identify(.) by extensions ['python_setup_py']
[0.628s] Level 1:colcon.colcon_core.package_identification:_identify(.) by extension 'python_setup_py'
[0.628s] Level 1:colcon.colcon_core.package_identification:_identify(build) by extensions ['ignore', 'ignore_ament_install']
[0.629s] Level 1:colcon.colcon_core.package_identification:_identify(build) by extension 'ignore'
[0.629s] Level 1:colcon.colcon_core.package_identification:_identify(build) ignored
[0.630s] Level 1:colcon.colcon_core.package_identification:_identify(descriptions) by extensions ['ignore', 'ignore_ament_install']
[0.630s] Level 1:colcon.colcon_core.package_identification:_identify(descriptions) by extension 'ignore'
[0.630s] Level 1:colcon.colcon_core.package_identification:_identify(descriptions) by extension 'ignore_ament_install'
[0.631s] Level 1:colcon.colcon_core.package_identification:_identify(descriptions) by extensions ['colcon_pkg']
[0.631s] Level 1:colcon.colcon_core.package_identification:_identify(descriptions) by extension 'colcon_pkg'
[0.631s] Level 1:colcon.colcon_core.package_identification:_identify(descriptions) by extensions ['colcon_meta']
[0.631s] Level 1:colcon.colcon_core.package_identification:_identify(descriptions) by extension 'colcon_meta'
[0.631s] Level 1:colcon.colcon_core.package_identification:_identify(descriptions) by extensions ['ros']
[0.631s] Level 1:colcon.colcon_core.package_identification:_identify(descriptions) by extension 'ros'
[0.631s] Level 1:colcon.colcon_core.package_identification:_identify(descriptions) by extensions ['cmake', 'python']
[0.631s] Level 1:colcon.colcon_core.package_identification:_identify(descriptions) by extension 'cmake'
[0.631s] Level 1:colcon.colcon_core.package_identification:_identify(descriptions) by extension 'python'
[0.631s] Level 1:colcon.colcon_core.package_identification:_identify(descriptions) by extensions ['python_setup_py']
[0.631s] Level 1:colcon.colcon_core.package_identification:_identify(descriptions) by extension 'python_setup_py'
[0.631s] Level 1:colcon.colcon_core.package_identification:_identify(descriptions/msgs) by extensions ['ignore', 'ignore_ament_install']
[0.632s] Level 1:colcon.colcon_core.package_identification:_identify(descriptions/msgs) by extension 'ignore'
[0.632s] Level 1:colcon.colcon_core.package_identification:_identify(descriptions/msgs) by extension 'ignore_ament_install'
[0.632s] Level 1:colcon.colcon_core.package_identification:_identify(descriptions/msgs) by extensions ['colcon_pkg']
[0.632s] Level 1:colcon.colcon_core.package_identification:_identify(descriptions/msgs) by extension 'colcon_pkg'
[0.632s] Level 1:colcon.colcon_core.package_identification:_identify(descriptions/msgs) by extensions ['colcon_meta']
[0.632s] Level 1:colcon.colcon_core.package_identification:_identify(descriptions/msgs) by extension 'colcon_meta'
[0.632s] Level 1:colcon.colcon_core.package_identification:_identify(descriptions/msgs) by extensions ['ros']
[0.632s] Level 1:colcon.colcon_core.package_identification:_identify(descriptions/msgs) by extension 'ros'
[0.633s] Level 1:colcon.colcon_core.package_identification:_identify(descriptions/msgs) by extensions ['cmake', 'python']
[0.633s] Level 1:colcon.colcon_core.package_identification:_identify(descriptions/msgs) by extension 'cmake'
[0.633s] Level 1:colcon.colcon_core.package_identification:_identify(descriptions/msgs) by extension 'python'
[0.633s] Level 1:colcon.colcon_core.package_identification:_identify(descriptions/msgs) by extensions ['python_setup_py']
[0.633s] Level 1:colcon.colcon_core.package_identification:_identify(descriptions/msgs) by extension 'python_setup_py'
[0.634s] Level 1:colcon.colcon_core.package_identification:_identify(descriptions/urdf) by extensions ['ignore', 'ignore_ament_install']
[0.634s] Level 1:colcon.colcon_core.package_identification:_identify(descriptions/urdf) by extension 'ignore'
[0.634s] Level 1:colcon.colcon_core.package_identification:_identify(descriptions/urdf) by extension 'ignore_ament_install'
[0.634s] Level 1:colcon.colcon_core.package_identification:_identify(descriptions/urdf) by extensions ['colcon_pkg']
[0.635s] Level 1:colcon.colcon_core.package_identification:_identify(descriptions/urdf) by extension 'colcon_pkg'
[0.635s] Level 1:colcon.colcon_core.package_identification:_identify(descriptions/urdf) by extensions ['colcon_meta']
[0.635s] Level 1:colcon.colcon_core.package_identification:_identify(descriptions/urdf) by extension 'colcon_meta'
[0.635s] Level 1:colcon.colcon_core.package_identification:_identify(descriptions/urdf) by extensions ['ros']
[0.635s] Level 1:colcon.colcon_core.package_identification:_identify(descriptions/urdf) by extension 'ros'
[0.635s] Level 1:colcon.colcon_core.package_identification:_identify(descriptions/urdf) by extensions ['cmake', 'python']
[0.635s] Level 1:colcon.colcon_core.package_identification:_identify(descriptions/urdf) by extension 'cmake'
[0.635s] Level 1:colcon.colcon_core.package_identification:_identify(descriptions/urdf) by extension 'python'
[0.635s] Level 1:colcon.colcon_core.package_identification:_identify(descriptions/urdf) by extensions ['python_setup_py']
[0.635s] Level 1:colcon.colcon_core.package_identification:_identify(descriptions/urdf) by extension 'python_setup_py'
[0.635s] Level 1:colcon.colcon_core.package_identification:_identify(install) by extensions ['ignore', 'ignore_ament_install']
[0.636s] Level 1:colcon.colcon_core.package_identification:_identify(install) by extension 'ignore'
[0.636s] Level 1:colcon.colcon_core.package_identification:_identify(install) ignored
[0.636s] Level 1:colcon.colcon_core.package_identification:_identify(log) by extensions ['ignore', 'ignore_ament_install']
[0.637s] Level 1:colcon.colcon_core.package_identification:_identify(log) by extension 'ignore'
[0.637s] Level 1:colcon.colcon_core.package_identification:_identify(log) ignored
[0.637s] Level 1:colcon.colcon_core.package_identification:_identify(src) by extensions ['ignore', 'ignore_ament_install']
[0.637s] Level 1:colcon.colcon_core.package_identification:_identify(src) by extension 'ignore'
[0.637s] Level 1:colcon.colcon_core.package_identification:_identify(src) by extension 'ignore_ament_install'
[0.638s] Level 1:colcon.colcon_core.package_identification:_identify(src) by extensions ['colcon_pkg']
[0.638s] Level 1:colcon.colcon_core.package_identification:_identify(src) by extension 'colcon_pkg'
[0.638s] Level 1:colcon.colcon_core.package_identification:_identify(src) by extensions ['colcon_meta']
[0.638s] Level 1:colcon.colcon_core.package_identification:_identify(src) by extension 'colcon_meta'
[0.638s] Level 1:colcon.colcon_core.package_identification:_identify(src) by extensions ['ros']
[0.638s] Level 1:colcon.colcon_core.package_identification:_identify(src) by extension 'ros'
[0.638s] Level 1:colcon.colcon_core.package_identification:_identify(src) by extensions ['cmake', 'python']
[0.638s] Level 1:colcon.colcon_core.package_identification:_identify(src) by extension 'cmake'
[0.638s] Level 1:colcon.colcon_core.package_identification:_identify(src) by extension 'python'
[0.640s] Level 1:colcon.colcon_core.package_identification:_identify(src) by extensions ['python_setup_py']
[0.640s] Level 1:colcon.colcon_core.package_identification:_identify(src) by extension 'python_setup_py'
[0.640s] Level 1:colcon.colcon_core.package_identification:_identify(src/motor_test) by extensions ['ignore', 'ignore_ament_install']
[0.640s] Level 1:colcon.colcon_core.package_identification:_identify(src/motor_test) by extension 'ignore'
[0.640s] Level 1:colcon.colcon_core.package_identification:_identify(src/motor_test) by extension 'ignore_ament_install'
[0.640s] Level 1:colcon.colcon_core.package_identification:_identify(src/motor_test) by extensions ['colcon_pkg']
[0.640s] Level 1:colcon.colcon_core.package_identification:_identify(src/motor_test) by extension 'colcon_pkg'
[0.640s] Level 1:colcon.colcon_core.package_identification:_identify(src/motor_test) by extensions ['colcon_meta']
[0.640s] Level 1:colcon.colcon_core.package_identification:_identify(src/motor_test) by extension 'colcon_meta'
[0.640s] Level 1:colcon.colcon_core.package_identification:_identify(src/motor_test) by extensions ['ros']
[0.640s] Level 1:colcon.colcon_core.package_identification:_identify(src/motor_test) by extension 'ros'
[0.648s] DEBUG:colcon.colcon_core.package_identification:Package 'src/motor_test' with type 'ros.ament_cmake' and name 'motor_test'
[0.648s] Level 1:colcon.colcon_core.package_identification:_identify(stm_firmware) by extensions ['ignore', 'ignore_ament_install']
[0.648s] Level 1:colcon.colcon_core.package_identification:_identify(stm_firmware) by extension 'ignore'
[0.648s] Level 1:colcon.colcon_core.package_identification:_identify(stm_firmware) by extension 'ignore_ament_install'
[0.648s] Level 1:colcon.colcon_core.package_identification:_identify(stm_firmware) by extensions ['colcon_pkg']
[0.648s] Level 1:colcon.colcon_core.package_identification:_identify(stm_firmware) by extension 'colcon_pkg'
[0.648s] Level 1:colcon.colcon_core.package_identification:_identify(stm_firmware) by extensions ['colcon_meta']
[0.648s] Level 1:colcon.colcon_core.package_identification:_identify(stm_firmware) by extension 'colcon_meta'
[0.648s] Level 1:colcon.colcon_core.package_identification:_identify(stm_firmware) by extensions ['ros']
[0.648s] Level 1:colcon.colcon_core.package_identification:_identify(stm_firmware) by extension 'ros'
[0.648s] Level 1:colcon.colcon_core.package_identification:_identify(stm_firmware) by extensions ['cmake', 'python']
[0.648s] Level 1:colcon.colcon_core.package_identification:_identify(stm_firmware) by extension 'cmake'
[0.648s] Level 1:colcon.colcon_core.package_identification:_identify(stm_firmware) by extension 'python'
[0.648s] Level 1:colcon.colcon_core.package_identification:_identify(stm_firmware) by extensions ['python_setup_py']
[0.649s] Level 1:colcon.colcon_core.package_identification:_identify(stm_firmware) by extension 'python_setup_py'
[0.649s] Level 1:colcon.colcon_core.package_identification:_identify(stm_firmware/stm_firmware) by extensions ['ignore', 'ignore_ament_install']
[0.649s] Level 1:colcon.colcon_core.package_identification:_identify(stm_firmware/stm_firmware) by extension 'ignore'
[0.649s] Level 1:colcon.colcon_core.package_identification:_identify(stm_firmware/stm_firmware) by extension 'ignore_ament_install'
[0.649s] Level 1:colcon.colcon_core.package_identification:_identify(stm_firmware/stm_firmware) by extensions ['colcon_pkg']
[0.649s] Level 1:colcon.colcon_core.package_identification:_identify(stm_firmware/stm_firmware) by extension 'colcon_pkg'
[0.649s] Level 1:colcon.colcon_core.package_identification:_identify(stm_firmware/stm_firmware) by extensions ['colcon_meta']
[0.649s] Level 1:colcon.colcon_core.package_identification:_identify(stm_firmware/stm_firmware) by extension 'colcon_meta'
[0.649s] Level 1:colcon.colcon_core.package_identification:_identify(stm_firmware/stm_firmware) by extensions ['ros']
[0.649s] Level 1:colcon.colcon_core.package_identification:_identify(stm_firmware/stm_firmware) by extension 'ros'
[0.649s] Level 1:colcon.colcon_core.package_identification:_identify(stm_firmware/stm_firmware) by extensions ['cmake', 'python']
[0.649s] Level 1:colcon.colcon_core.package_identification:_identify(stm_firmware/stm_firmware) by extension 'cmake'
[0.649s] Level 1:colcon.colcon_core.package_identification:_identify(stm_firmware/stm_firmware) by extension 'python'
[0.649s] Level 1:colcon.colcon_core.package_identification:_identify(stm_firmware/stm_firmware) by extensions ['python_setup_py']
[0.649s] Level 1:colcon.colcon_core.package_identification:_identify(stm_firmware/stm_firmware) by extension 'python_setup_py'
[0.650s] Level 1:colcon.colcon_core.package_discovery:discover_packages(recursive) using defaults
[0.650s] Level 1:colcon.colcon_core.package_discovery:discover_packages(ignore) discover
[0.650s] Level 1:colcon.colcon_core.package_discovery:discover_packages(ignore) using defaults
[0.650s] Level 1:colcon.colcon_core.package_discovery:discover_packages(path) discover
[0.650s] Level 1:colcon.colcon_core.package_discovery:discover_packages(path) using defaults
[0.684s] Level 1:colcon.colcon_core.package_discovery:discover_packages(prefix_path) check parameters
[0.684s] Level 1:colcon.colcon_core.package_discovery:discover_packages(prefix_path) discover
[0.688s] DEBUG:colcon.colcon_installed_package_information.package_discovery:Found 1 installed packages in /home/meng/meng/MEng-PROJ500-2025-26/Software/install
[0.693s] DEBUG:colcon.colcon_installed_package_information.package_discovery:Found 286 installed packages in /opt/ros/jazzy
[0.694s] Level 1:colcon.colcon_core.package_discovery:discover_packages(prefix_path) using defaults
[0.828s] Level 5:colcon.colcon_core.verb:set package 'motor_test' build argument 'cmake_args' from command line to 'None'
[0.828s] Level 5:colcon.colcon_core.verb:set package 'motor_test' build argument 'cmake_target' from command line to 'None'
[0.828s] Level 5:colcon.colcon_core.verb:set package 'motor_test' build argument 'cmake_target_skip_unavailable' from command line to 'False'
[0.828s] Level 5:colcon.colcon_core.verb:set package 'motor_test' build argument 'cmake_clean_cache' from command line to 'False'
[0.828s] Level 5:colcon.colcon_core.verb:set package 'motor_test' build argument 'cmake_clean_first' from command line to 'False'
[0.828s] Level 5:colcon.colcon_core.verb:set package 'motor_test' build argument 'cmake_force_configure' from command line to 'False'
[0.828s] Level 5:colcon.colcon_core.verb:set package 'motor_test' build argument 'ament_cmake_args' from command line to 'None'
[0.828s] Level 5:colcon.colcon_core.verb:set package 'motor_test' build argument 'catkin_cmake_args' from command line to 'None'
[0.828s] Level 5:colcon.colcon_core.verb:set package 'motor_test' build argument 'catkin_skip_building_tests' from command line to 'False'
[0.828s] DEBUG:colcon.colcon_core.verb:Building package 'motor_test' with the following arguments: {'ament_cmake_args': None, 'build_base': '/home/meng/meng/MEng-PROJ500-2025-26/Software/build/motor_test', 'catkin_cmake_args': None, 'catkin_skip_building_tests': False, 'cmake_args': None, 'cmake_clean_cache': False, 'cmake_clean_first': False, 'cmake_force_configure': False, 'cmake_target': None, 'cmake_target_skip_unavailable': False, 'install_base': '/home/meng/meng/MEng-PROJ500-2025-26/Software/install/motor_test', 'merge_install': False, 'path': '/home/meng/meng/MEng-PROJ500-2025-26/Software/src/motor_test', 'symlink_install': False, 'test_result_base': None}
[0.828s] INFO:colcon.colcon_core.executor:Executing jobs using 'parallel' executor
[0.830s] DEBUG:colcon.colcon_parallel_executor.executor.parallel:run_until_complete
[0.830s] INFO:colcon.colcon_ros.task.ament_cmake.build:Building ROS package in '/home/meng/meng/MEng-PROJ500-2025-26/Software/src/motor_test' with build type 'ament_cmake'
[0.830s] INFO:colcon.colcon_cmake.task.cmake.build:Building CMake package in '/home/meng/meng/MEng-PROJ500-2025-26/Software/src/motor_test'
[0.841s] INFO:colcon.colcon_core.plugin_system:Skipping extension 'colcon_core.shell.bat': Not used on non-Windows systems
[0.842s] INFO:colcon.colcon_core.shell:Skip shell extension 'powershell' for command environment: Not usable outside of PowerShell
[0.842s] DEBUG:colcon.colcon_core.shell:Skip shell extension 'dsv' for command environment
[0.855s] DEBUG:colcon.colcon_core.event_handler.log_command:Invoking command in '/home/meng/meng/MEng-PROJ500-2025-26/Software/build/motor_test': CMAKE_PREFIX_PATH=${CMAKE_PREFIX_PATH}:/opt/ros/jazzy DEBUGINFOD_URLS=https://debuginfod.ubuntu.com /usr/bin/cmake --build /home/meng/meng/MEng-PROJ500-2025-26/Software/build/motor_test -- -j2 -l2
[1.635s] DEBUG:colcon.colcon_core.event_handler.log_command:Invoked command in '/home/meng/meng/MEng-PROJ500-2025-26/Software/build/motor_test' returned '0': CMAKE_PREFIX_PATH=${CMAKE_PREFIX_PATH}:/opt/ros/jazzy DEBUGINFOD_URLS=https://debuginfod.ubuntu.com /usr/bin/cmake --build /home/meng/meng/MEng-PROJ500-2025-26/Software/build/motor_test -- -j2 -l2
[1.652s] DEBUG:colcon.colcon_core.event_handler.log_command:Invoking command in '/home/meng/meng/MEng-PROJ500-2025-26/Software/build/motor_test': CMAKE_PREFIX_PATH=${CMAKE_PREFIX_PATH}:/opt/ros/jazzy DEBUGINFOD_URLS=https://debuginfod.ubuntu.com /usr/bin/cmake --install /home/meng/meng/MEng-PROJ500-2025-26/Software/build/motor_test
[1.766s] Level 1:colcon.colcon_core.environment:create_environment_scripts_only(motor_test)
[1.766s] DEBUG:colcon.colcon_core.event_handler.log_command:Invoked command in '/home/meng/meng/MEng-PROJ500-2025-26/Software/build/motor_test' returned '0': CMAKE_PREFIX_PATH=${CMAKE_PREFIX_PATH}:/opt/ros/jazzy DEBUGINFOD_URLS=https://debuginfod.ubuntu.com /usr/bin/cmake --install /home/meng/meng/MEng-PROJ500-2025-26/Software/build/motor_test
[1.776s] Level 1:colcon.colcon_core.environment:checking '/home/meng/meng/MEng-PROJ500-2025-26/Software/install/motor_test' for CMake module files
[1.777s] Level 1:colcon.colcon_core.environment:checking '/home/meng/meng/MEng-PROJ500-2025-26/Software/install/motor_test' for CMake config files
[1.777s] Level 1:colcon.colcon_core.shell:create_environment_hook('motor_test', 'cmake_prefix_path')
[1.777s] INFO:colcon.colcon_core.shell:Creating environment hook '/home/meng/meng/MEng-PROJ500-2025-26/Software/install/motor_test/share/motor_test/hook/cmake_prefix_path.ps1'
[1.779s] INFO:colcon.colcon_core.shell:Creating environment descriptor '/home/meng/meng/MEng-PROJ500-2025-26/Software/install/motor_test/share/motor_test/hook/cmake_prefix_path.dsv'
[1.780s] INFO:colcon.colcon_core.shell:Creating environment hook '/home/meng/meng/MEng-PROJ500-2025-26/Software/install/motor_test/share/motor_test/hook/cmake_prefix_path.sh'
[1.781s] Level 1:colcon.colcon_core.environment:checking '/home/meng/meng/MEng-PROJ500-2025-26/Software/install/motor_test/lib'
[1.782s] Level 1:colcon.colcon_core.shell:create_environment_hook('motor_test', 'ld_library_path_lib')
[1.782s] INFO:colcon.colcon_core.shell:Creating environment hook '/home/meng/meng/MEng-PROJ500-2025-26/Software/install/motor_test/share/motor_test/hook/ld_library_path_lib.ps1'
[1.783s] INFO:colcon.colcon_core.shell:Creating environment descriptor '/home/meng/meng/MEng-PROJ500-2025-26/Software/install/motor_test/share/motor_test/hook/ld_library_path_lib.dsv'
[1.783s] INFO:colcon.colcon_core.shell:Creating environment hook '/home/meng/meng/MEng-PROJ500-2025-26/Software/install/motor_test/share/motor_test/hook/ld_library_path_lib.sh'
[1.784s] Level 1:colcon.colcon_core.environment:checking '/home/meng/meng/MEng-PROJ500-2025-26/Software/install/motor_test/bin'
[1.784s] Level 1:colcon.colcon_core.environment:checking '/home/meng/meng/MEng-PROJ500-2025-26/Software/install/motor_test/lib/pkgconfig/motor_test.pc'
[1.784s] Level 1:colcon.colcon_core.environment:checking '/home/meng/meng/MEng-PROJ500-2025-26/Software/install/motor_test/lib/python3.12/site-packages'
[1.784s] Level 1:colcon.colcon_core.shell:create_environment_hook('motor_test', 'pythonpath')
[1.785s] INFO:colcon.colcon_core.shell:Creating environment hook '/home/meng/meng/MEng-PROJ500-2025-26/Software/install/motor_test/share/motor_test/hook/pythonpath.ps1'
[1.785s] INFO:colcon.colcon_core.shell:Creating environment descriptor '/home/meng/meng/MEng-PROJ500-2025-26/Software/install/motor_test/share/motor_test/hook/pythonpath.dsv'
[1.786s] INFO:colcon.colcon_core.shell:Creating environment hook '/home/meng/meng/MEng-PROJ500-2025-26/Software/install/motor_test/share/motor_test/hook/pythonpath.sh'
[1.786s] Level 1:colcon.colcon_core.environment:checking '/home/meng/meng/MEng-PROJ500-2025-26/Software/install/motor_test/bin'
[1.787s] INFO:colcon.colcon_core.shell:Creating package script '/home/meng/meng/MEng-PROJ500-2025-26/Software/install/motor_test/share/motor_test/package.ps1'
[1.788s] INFO:colcon.colcon_core.shell:Creating package descriptor '/home/meng/meng/MEng-PROJ500-2025-26/Software/install/motor_test/share/motor_test/package.dsv'
[1.789s] INFO:colcon.colcon_core.shell:Creating package script '/home/meng/meng/MEng-PROJ500-2025-26/Software/install/motor_test/share/motor_test/package.sh'
[1.790s] INFO:colcon.colcon_core.shell:Creating package script '/home/meng/meng/MEng-PROJ500-2025-26/Software/install/motor_test/share/motor_test/package.bash'
[1.792s] INFO:colcon.colcon_core.shell:Creating package script '/home/meng/meng/MEng-PROJ500-2025-26/Software/install/motor_test/share/motor_test/package.zsh'
[1.793s] Level 1:colcon.colcon_core.environment:create_file_with_runtime_dependencies(/home/meng/meng/MEng-PROJ500-2025-26/Software/install/motor_test/share/colcon-core/packages/motor_test)
[1.794s] Level 1:colcon.colcon_core.environment:create_environment_scripts_only(motor_test)
[1.794s] Level 1:colcon.colcon_core.environment:checking '/home/meng/meng/MEng-PROJ500-2025-26/Software/install/motor_test' for CMake module files
[1.795s] Level 1:colcon.colcon_core.environment:checking '/home/meng/meng/MEng-PROJ500-2025-26/Software/install/motor_test' for CMake config files
[1.795s] Level 1:colcon.colcon_core.shell:create_environment_hook('motor_test', 'cmake_prefix_path')
[1.795s] INFO:colcon.colcon_core.shell:Creating environment hook '/home/meng/meng/MEng-PROJ500-2025-26/Software/install/motor_test/share/motor_test/hook/cmake_prefix_path.ps1'
[1.796s] INFO:colcon.colcon_core.shell:Creating environment descriptor '/home/meng/meng/MEng-PROJ500-2025-26/Software/install/motor_test/share/motor_test/hook/cmake_prefix_path.dsv'
[1.797s] INFO:colcon.colcon_core.shell:Creating environment hook '/home/meng/meng/MEng-PROJ500-2025-26/Software/install/motor_test/share/motor_test/hook/cmake_prefix_path.sh'
[1.797s] Level 1:colcon.colcon_core.environment:checking '/home/meng/meng/MEng-PROJ500-2025-26/Software/install/motor_test/lib'
[1.797s] Level 1:colcon.colcon_core.shell:create_environment_hook('motor_test', 'ld_library_path_lib')
[1.798s] INFO:colcon.colcon_core.shell:Creating environment hook '/home/meng/meng/MEng-PROJ500-2025-26/Software/install/motor_test/share/motor_test/hook/ld_library_path_lib.ps1'
[1.798s] INFO:colcon.colcon_core.shell:Creating environment descriptor '/home/meng/meng/MEng-PROJ500-2025-26/Software/install/motor_test/share/motor_test/hook/ld_library_path_lib.dsv'
[1.799s] INFO:colcon.colcon_core.shell:Creating environment hook '/home/meng/meng/MEng-PROJ500-2025-26/Software/install/motor_test/share/motor_test/hook/ld_library_path_lib.sh'
[1.799s] Level 1:colcon.colcon_core.environment:checking '/home/meng/meng/MEng-PROJ500-2025-26/Software/install/motor_test/bin'
[1.799s] Level 1:colcon.colcon_core.environment:checking '/home/meng/meng/MEng-PROJ500-2025-26/Software/install/motor_test/lib/pkgconfig/motor_test.pc'
[1.800s] Level 1:colcon.colcon_core.environment:checking '/home/meng/meng/MEng-PROJ500-2025-26/Software/install/motor_test/lib/python3.12/site-packages'
[1.800s] Level 1:colcon.colcon_core.shell:create_environment_hook('motor_test', 'pythonpath')
[1.800s] INFO:colcon.colcon_core.shell:Creating environment hook '/home/meng/meng/MEng-PROJ500-2025-26/Software/install/motor_test/share/motor_test/hook/pythonpath.ps1'
[1.800s] INFO:colcon.colcon_core.shell:Creating environment descriptor '/home/meng/meng/MEng-PROJ500-2025-26/Software/install/motor_test/share/motor_test/hook/pythonpath.dsv'
[1.801s] INFO:colcon.colcon_core.shell:Creating environment hook '/home/meng/meng/MEng-PROJ500-2025-26/Software/install/motor_test/share/motor_test/hook/pythonpath.sh'
[1.802s] Level 1:colcon.colcon_core.environment:checking '/home/meng/meng/MEng-PROJ500-2025-26/Software/install/motor_test/bin'
[1.802s] INFO:colcon.colcon_core.shell:Creating package script '/home/meng/meng/MEng-PROJ500-2025-26/Software/install/motor_test/share/motor_test/package.ps1'
[1.803s] INFO:colcon.colcon_core.shell:Creating package descriptor '/home/meng/meng/MEng-PROJ500-2025-26/Software/install/motor_test/share/motor_test/package.dsv'
[1.803s] INFO:colcon.colcon_core.shell:Creating package script '/home/meng/meng/MEng-PROJ500-2025-26/Software/install/motor_test/share/motor_test/package.sh'
[1.804s] INFO:colcon.colcon_core.shell:Creating package script '/home/meng/meng/MEng-PROJ500-2025-26/Software/install/motor_test/share/motor_test/package.bash'
[1.804s] INFO:colcon.colcon_core.shell:Creating package script '/home/meng/meng/MEng-PROJ500-2025-26/Software/install/motor_test/share/motor_test/package.zsh'
[1.805s] Level 1:colcon.colcon_core.environment:create_file_with_runtime_dependencies(/home/meng/meng/MEng-PROJ500-2025-26/Software/install/motor_test/share/colcon-core/packages/motor_test)
[1.806s] DEBUG:colcon.colcon_parallel_executor.executor.parallel:closing loop
[1.806s] DEBUG:colcon.colcon_parallel_executor.executor.parallel:loop closed
[1.806s] DEBUG:colcon.colcon_parallel_executor.executor.parallel:run_until_complete finished with '0'
[1.806s] DEBUG:colcon.colcon_core.event_reactor:joining thread
[1.834s] INFO:colcon.colcon_core.plugin_system:Skipping extension 'colcon_notification.desktop_notification.terminal_notifier': Not used on non-Darwin systems
[1.834s] INFO:colcon.colcon_core.plugin_system:Skipping extension 'colcon_notification.desktop_notification.win32': Not used on non-Windows systems
[1.835s] INFO:colcon.colcon_notification.desktop_notification:Sending desktop notification using 'notify2'
[1.901s] DEBUG:colcon.colcon_core.event_reactor:joined thread
[1.901s] INFO:colcon.colcon_core.shell:Creating prefix script '/home/meng/meng/MEng-PROJ500-2025-26/Software/install/local_setup.ps1'
[1.903s] INFO:colcon.colcon_core.shell:Creating prefix util module '/home/meng/meng/MEng-PROJ500-2025-26/Software/install/_local_setup_util_ps1.py'
[1.904s] INFO:colcon.colcon_core.shell:Creating prefix chain script '/home/meng/meng/MEng-PROJ500-2025-26/Software/install/setup.ps1'
[1.906s] INFO:colcon.colcon_core.shell:Creating prefix script '/home/meng/meng/MEng-PROJ500-2025-26/Software/install/local_setup.sh'
[1.907s] INFO:colcon.colcon_core.shell:Creating prefix util module '/home/meng/meng/MEng-PROJ500-2025-26/Software/install/_local_setup_util_sh.py'
[1.908s] INFO:colcon.colcon_core.shell:Creating prefix chain script '/home/meng/meng/MEng-PROJ500-2025-26/Software/install/setup.sh'
[1.909s] INFO:colcon.colcon_core.shell:Creating prefix script '/home/meng/meng/MEng-PROJ500-2025-26/Software/install/local_setup.bash'
[1.912s] INFO:colcon.colcon_core.shell:Creating prefix chain script '/home/meng/meng/MEng-PROJ500-2025-26/Software/install/setup.bash'
[1.913s] INFO:colcon.colcon_core.shell:Creating prefix script '/home/meng/meng/MEng-PROJ500-2025-26/Software/install/local_setup.zsh'
[1.914s] INFO:colcon.colcon_core.shell:Creating prefix chain script '/home/meng/meng/MEng-PROJ500-2025-26/Software/install/setup.zsh'
